
main:     file format elf32-littleriscv
main
architecture: riscv:rv32, flags 0x00000112:
EXEC_P, HAS_SYMS, D_PAGED
start address 0x00000000

Program Header:
    LOAD off    0x00001000 vaddr 0x00000000 paddr 0x00000000 align 2**12
         filesz 0x000002a0 memsz 0x000002a0 flags r-x
    LOAD off    0x00002000 vaddr 0x00008000 paddr 0x00008000 align 2**12
         filesz 0x00000100 memsz 0x00001100 flags rw-

Sections:
Idx Name          Size      VMA       LMA       File off  Algn
  0 .text         00000298  00000000  00000000  00001000  2**2
                  CONTENTS, ALLOC, LOAD, READONLY, CODE
  1 .rodata       00000008  00000298  00000298  00001298  2**2
                  CONTENTS, ALLOC, LOAD, READONLY, DATA
  2 _test         00000100  00008000  00008000  00002000  2**0
                  ALLOC
  3 .data         00000000  00008100  00008100  00002100  2**0
                  CONTENTS, ALLOC, LOAD, DATA
  4 .bss          00000000  00008100  00008100  00002100  2**0
                  ALLOC
  5 .stack        00001000  00008100  00008100  00002100  2**0
                  ALLOC
  6 .riscv.attributes 0000001a  00000000  00000000  00002100  2**0
                  CONTENTS, READONLY
SYMBOL TABLE:
00000000 l    d  .text	00000000 .text
00000298 l    d  .rodata	00000000 .rodata
00008000 l    d  _test	00000000 _test
00008100 l    d  .data	00000000 .data
00008100 l    d  .bss	00000000 .bss
00008100 l    d  .stack	00000000 .stack
00000000 l    d  .riscv.attributes	00000000 .riscv.attributes
00000000 l    df *ABS*	00000000 setup.o
00000084 l       .text	00000000 init_bss
00000104 l       .text	00000000 fill_block
0000009c l       .text	00000000 init_sbss
000000b4 l       .text	00000000 write_stack_pattern
000000cc l       .text	00000000 init_stack
000000d4 l       .text	00000000 write_test_pattern
000000ec l       .text	00000000 SystemInit
000000f0 l       .text	00000000 SystemExit
00000100 l       .text	00000000 dead_loop
00000114 l       .text	00000000 fb_end
00000000 l    df *ABS*	00000000 main.o
00000128 l       .text	00000000 start_loop
00000280 l       .text	00000000 end_remain1
00000290 l       .text	00000000 end_remain2
000001dc l       .text	00000000 remain2
00000134 l       .text	00000000 remain1
00008000 g       _test	00000000 _test_start
00008100 g       _test	00000000 __sbss_start
00008900 g       _test	00000000 _gp
00008100 g       _test	00000000 _test_end
00000100 g       *ABS*	00000000 _TEST_SIZE
00000298 g       .rodata	00000000 div1
000002a0 g       .rodata	00000000 __rodata_end
00008100 g       .bss	00000000 __bss_end
00008100 g       _test	00000000 __sbss_end
0000029c g       .rodata	00000000 div2
00000000 g       .text	00000000 _start
00000298 g       .rodata	00000000 __rodata_start
00008100 g       .data	00000000 __data_end
00008100 g       .bss	00000000 __bss_start
00001000 g       *ABS*	00000000 _STACK_SIZE
0000fffc g       .stack	00000000 _sim_end
00000118 g       .text	00000000 main
00008100 g       .stack	00000000 _stack_end
00009100 g       .stack	00000000 __stack
00010000 g       .stack	00000000 _end
00009100 g       .stack	00000000 _stack
00008100 g       .data	00000000 __data_start


Contents of section .text:
 0000 93000000 13010000 93010000 13020000  ................
 0010 93020000 13030000 93030000 13040000  ................
 0020 93040000 13050000 93050000 13060000  ................
 0030 93060000 13070000 93070000 13080000  ................
 0040 93080000 13090000 93090000 130a0000  ................
 0050 930a0000 130b0000 930b0000 130c0000  ................
 0060 930c0000 130d0000 930d0000 130e0000  ................
 0070 930e0000 130f0000 930f0000 97910000  ................
 0080 93814188 17850000 1305c507 97850000  ..A.............
 0090 93850507 13060000 ef00c006 17850000  ................
 00a0 13054506 97850000 93858505 13060000  ..E.............
 00b0 ef004005 17850000 1305c504 97950000  ..@.............
 00c0 93850504 13060000 ef00c003 17910000  ................
 00d0 13014103 17850000 1305c5f2 97850000  ..A.............
 00e0 93850502 13060000 ef00c001 ef00c002  ................
 00f0 97020100 9382c2f0 1303f0ff 23a06200  ............#.b.
 0100 6f000000 6378b500 2320c500 13054500  o...cx..# ....E.
 0110 6ff05fff 67800000 97020000 83a20218  o._.g...........
 0120 17030000 0323c317 638c0214 63020316  .....#..c...c...
 0130 63c6620a b3826240 e3c862fe b3826240  c.b...b@..b...b@
 0140 e3c462fe b3826240 e3c062fe b3826240  ..b...b@..b...b@
 0150 e3cc62fc b3826240 e3c862fc b3826240  ..b...b@..b...b@
 0160 e3c462fc b3826240 e3c062fc b3826240  ..b...b@..b...b@
 0170 e3cc62fa b3826240 e3c862fa b3826240  ..b...b@..b...b@
 0180 e3c462fa b3826240 e3c062fa b3826240  ..b...b@..b...b@
 0190 e3cc62f8 b3826240 e3c862f8 b3826240  ..b...b@..b...b@
 01a0 e3c462f8 b3826240 e3c062f8 b3826240  ..b...b@..b...b@
 01b0 e3cc62f6 b3826240 e3c862f6 b3826240  ..b...b@..b...b@
 01c0 e3c462f6 b3826240 e3c062f6 b3826240  ..b...b@..b...b@
 01d0 e3cc62f4 b3826240 6ff0dff5 33035340  ..b...b@o...3.S@
 01e0 e34453f4 33035340 e34053f4 33035340  .DS.3.S@.@S.3.S@
 01f0 e34c53f2 33035340 e34853f2 33035340  .LS.3.S@.HS.3.S@
 0200 e34453f2 33035340 e34053f2 33035340  .DS.3.S@.@S.3.S@
 0210 e34c53f0 33035340 e34853f0 33035340  .LS.3.S@.HS.3.S@
 0220 e34453f0 33035340 e34053f0 33035340  .DS.3.S@.@S.3.S@
 0230 e34c53ee 33035340 e34853ee 33035340  .LS.3.S@.HS.3.S@
 0240 e34453ee 33035340 e34053ee 33035340  .DS.3.S@.@S.3.S@
 0250 e34c53ec 33035340 e34853ec 33035340  .LS.3.S@.HS.3.S@
 0260 e34453ec 33035340 e34053ec 33035340  .DS.3.S@.@S.3.S@
 0270 e34c53ea 33035340 e34853ea 6ff01ff6  .LS.3.S@.HS.o...
 0280 97830000 938303d8 23a06300 67800000  ........#.c.g...
 0290 23a05300 67800000                    #.S.g...        
Contents of section .rodata:
 0298 14286207 23194200                    .(b.#.B.        
Contents of section .riscv.attributes:
 0000 41190000 00726973 63760001 0f000000  A....riscv......
 0010 05727633 32693270 3000               .rv32i2p0.      

Disassembly of section .text:

00000000 <_start>:
   0:	00000093          	li	ra,0
   4:	00000113          	li	sp,0
   8:	00000193          	li	gp,0
   c:	00000213          	li	tp,0
  10:	00000293          	li	t0,0
  14:	00000313          	li	t1,0
  18:	00000393          	li	t2,0
  1c:	00000413          	li	s0,0
  20:	00000493          	li	s1,0
  24:	00000513          	li	a0,0
  28:	00000593          	li	a1,0
  2c:	00000613          	li	a2,0
  30:	00000693          	li	a3,0
  34:	00000713          	li	a4,0
  38:	00000793          	li	a5,0
  3c:	00000813          	li	a6,0
  40:	00000893          	li	a7,0
  44:	00000913          	li	s2,0
  48:	00000993          	li	s3,0
  4c:	00000a13          	li	s4,0
  50:	00000a93          	li	s5,0
  54:	00000b13          	li	s6,0
  58:	00000b93          	li	s7,0
  5c:	00000c13          	li	s8,0
  60:	00000c93          	li	s9,0
  64:	00000d13          	li	s10,0
  68:	00000d93          	li	s11,0
  6c:	00000e13          	li	t3,0
  70:	00000e93          	li	t4,0
  74:	00000f13          	li	t5,0
  78:	00000f93          	li	t6,0
  7c:	00009197          	auipc	gp,0x9
  80:	88418193          	addi	gp,gp,-1916 # 8900 <_gp>

00000084 <init_bss>:
  84:	00008517          	auipc	a0,0x8
  88:	07c50513          	addi	a0,a0,124 # 8100 <__sbss_end>
  8c:	00008597          	auipc	a1,0x8
  90:	07058593          	addi	a1,a1,112 # 80fc <_test_start+0xfc>
  94:	00000613          	li	a2,0
  98:	06c000ef          	jal	ra,104 <fill_block>

0000009c <init_sbss>:
  9c:	00008517          	auipc	a0,0x8
  a0:	06450513          	addi	a0,a0,100 # 8100 <__sbss_end>
  a4:	00008597          	auipc	a1,0x8
  a8:	05858593          	addi	a1,a1,88 # 80fc <_test_start+0xfc>
  ac:	00000613          	li	a2,0
  b0:	054000ef          	jal	ra,104 <fill_block>

000000b4 <write_stack_pattern>:
  b4:	00008517          	auipc	a0,0x8
  b8:	04c50513          	addi	a0,a0,76 # 8100 <__sbss_end>
  bc:	00009597          	auipc	a1,0x9
  c0:	04058593          	addi	a1,a1,64 # 90fc <_gp+0x7fc>
  c4:	00000613          	li	a2,0
  c8:	03c000ef          	jal	ra,104 <fill_block>

000000cc <init_stack>:
  cc:	00009117          	auipc	sp,0x9
  d0:	03410113          	addi	sp,sp,52 # 9100 <__stack>

000000d4 <write_test_pattern>:
  d4:	00008517          	auipc	a0,0x8
  d8:	f2c50513          	addi	a0,a0,-212 # 8000 <_test_start>
  dc:	00008597          	auipc	a1,0x8
  e0:	02058593          	addi	a1,a1,32 # 80fc <_test_start+0xfc>
  e4:	00000613          	li	a2,0
  e8:	01c000ef          	jal	ra,104 <fill_block>

000000ec <SystemInit>:
  ec:	02c000ef          	jal	ra,118 <main>

000000f0 <SystemExit>:
  f0:	00010297          	auipc	t0,0x10
  f4:	f0c28293          	addi	t0,t0,-244 # fffc <_sim_end>
  f8:	fff00313          	li	t1,-1
  fc:	0062a023          	sw	t1,0(t0)

00000100 <dead_loop>:
 100:	0000006f          	j	100 <dead_loop>

00000104 <fill_block>:
 104:	00b57863          	bleu	a1,a0,114 <fb_end>
 108:	00c52023          	sw	a2,0(a0)
 10c:	00450513          	addi	a0,a0,4
 110:	ff5ff06f          	j	104 <fill_block>

00000114 <fb_end>:
 114:	00008067          	ret

00000118 <main>:
 118:	00000297          	auipc	t0,0x0
 11c:	1802a283          	lw	t0,384(t0) # 298 <__rodata_start>
 120:	00000317          	auipc	t1,0x0
 124:	17c32303          	lw	t1,380(t1) # 29c <div2>

00000128 <start_loop>:
 128:	14028c63          	beqz	t0,280 <end_remain1>
 12c:	16030263          	beqz	t1,290 <end_remain2>
 130:	0a62c663          	blt	t0,t1,1dc <remain2>

00000134 <remain1>:
 134:	406282b3          	sub	t0,t0,t1
 138:	fe62c8e3          	blt	t0,t1,128 <start_loop>
 13c:	406282b3          	sub	t0,t0,t1
 140:	fe62c4e3          	blt	t0,t1,128 <start_loop>
 144:	406282b3          	sub	t0,t0,t1
 148:	fe62c0e3          	blt	t0,t1,128 <start_loop>
 14c:	406282b3          	sub	t0,t0,t1
 150:	fc62cce3          	blt	t0,t1,128 <start_loop>
 154:	406282b3          	sub	t0,t0,t1
 158:	fc62c8e3          	blt	t0,t1,128 <start_loop>
 15c:	406282b3          	sub	t0,t0,t1
 160:	fc62c4e3          	blt	t0,t1,128 <start_loop>
 164:	406282b3          	sub	t0,t0,t1
 168:	fc62c0e3          	blt	t0,t1,128 <start_loop>
 16c:	406282b3          	sub	t0,t0,t1
 170:	fa62cce3          	blt	t0,t1,128 <start_loop>
 174:	406282b3          	sub	t0,t0,t1
 178:	fa62c8e3          	blt	t0,t1,128 <start_loop>
 17c:	406282b3          	sub	t0,t0,t1
 180:	fa62c4e3          	blt	t0,t1,128 <start_loop>
 184:	406282b3          	sub	t0,t0,t1
 188:	fa62c0e3          	blt	t0,t1,128 <start_loop>
 18c:	406282b3          	sub	t0,t0,t1
 190:	f862cce3          	blt	t0,t1,128 <start_loop>
 194:	406282b3          	sub	t0,t0,t1
 198:	f862c8e3          	blt	t0,t1,128 <start_loop>
 19c:	406282b3          	sub	t0,t0,t1
 1a0:	f862c4e3          	blt	t0,t1,128 <start_loop>
 1a4:	406282b3          	sub	t0,t0,t1
 1a8:	f862c0e3          	blt	t0,t1,128 <start_loop>
 1ac:	406282b3          	sub	t0,t0,t1
 1b0:	f662cce3          	blt	t0,t1,128 <start_loop>
 1b4:	406282b3          	sub	t0,t0,t1
 1b8:	f662c8e3          	blt	t0,t1,128 <start_loop>
 1bc:	406282b3          	sub	t0,t0,t1
 1c0:	f662c4e3          	blt	t0,t1,128 <start_loop>
 1c4:	406282b3          	sub	t0,t0,t1
 1c8:	f662c0e3          	blt	t0,t1,128 <start_loop>
 1cc:	406282b3          	sub	t0,t0,t1
 1d0:	f462cce3          	blt	t0,t1,128 <start_loop>
 1d4:	406282b3          	sub	t0,t0,t1
 1d8:	f5dff06f          	j	134 <remain1>

000001dc <remain2>:
 1dc:	40530333          	sub	t1,t1,t0
 1e0:	f45344e3          	blt	t1,t0,128 <start_loop>
 1e4:	40530333          	sub	t1,t1,t0
 1e8:	f45340e3          	blt	t1,t0,128 <start_loop>
 1ec:	40530333          	sub	t1,t1,t0
 1f0:	f2534ce3          	blt	t1,t0,128 <start_loop>
 1f4:	40530333          	sub	t1,t1,t0
 1f8:	f25348e3          	blt	t1,t0,128 <start_loop>
 1fc:	40530333          	sub	t1,t1,t0
 200:	f25344e3          	blt	t1,t0,128 <start_loop>
 204:	40530333          	sub	t1,t1,t0
 208:	f25340e3          	blt	t1,t0,128 <start_loop>
 20c:	40530333          	sub	t1,t1,t0
 210:	f0534ce3          	blt	t1,t0,128 <start_loop>
 214:	40530333          	sub	t1,t1,t0
 218:	f05348e3          	blt	t1,t0,128 <start_loop>
 21c:	40530333          	sub	t1,t1,t0
 220:	f05344e3          	blt	t1,t0,128 <start_loop>
 224:	40530333          	sub	t1,t1,t0
 228:	f05340e3          	blt	t1,t0,128 <start_loop>
 22c:	40530333          	sub	t1,t1,t0
 230:	ee534ce3          	blt	t1,t0,128 <start_loop>
 234:	40530333          	sub	t1,t1,t0
 238:	ee5348e3          	blt	t1,t0,128 <start_loop>
 23c:	40530333          	sub	t1,t1,t0
 240:	ee5344e3          	blt	t1,t0,128 <start_loop>
 244:	40530333          	sub	t1,t1,t0
 248:	ee5340e3          	blt	t1,t0,128 <start_loop>
 24c:	40530333          	sub	t1,t1,t0
 250:	ec534ce3          	blt	t1,t0,128 <start_loop>
 254:	40530333          	sub	t1,t1,t0
 258:	ec5348e3          	blt	t1,t0,128 <start_loop>
 25c:	40530333          	sub	t1,t1,t0
 260:	ec5344e3          	blt	t1,t0,128 <start_loop>
 264:	40530333          	sub	t1,t1,t0
 268:	ec5340e3          	blt	t1,t0,128 <start_loop>
 26c:	40530333          	sub	t1,t1,t0
 270:	ea534ce3          	blt	t1,t0,128 <start_loop>
 274:	40530333          	sub	t1,t1,t0
 278:	ea5348e3          	blt	t1,t0,128 <start_loop>
 27c:	f61ff06f          	j	1dc <remain2>

00000280 <end_remain1>:
 280:	00008397          	auipc	t2,0x8
 284:	d8038393          	addi	t2,t2,-640 # 8000 <_test_start>
 288:	0063a023          	sw	t1,0(t2)
 28c:	00008067          	ret

00000290 <end_remain2>:
 290:	0053a023          	sw	t0,0(t2)
 294:	00008067          	ret
