/usr/cad/CBDK/CBDK018_UMC_Faraday_v1.0/orig_lib/fsa0m_a/2009Q2v2.0/GENERIC_CORE/FrontEnd/synopsys/fsa0m_a_generic_core_ss1p62v125c.db
/usr/cad/CBDK/CBDK018_UMC_Faraday_v1.0/orig_lib/fsa0m_a/2009Q2v2.0/GENERIC_CORE/FrontEnd/synopsys/fsa0m_a_generic_core_ff1p98vm40c.db
/usr/cad/CBDK/CBDK018_UMC_Faraday_v1.0/orig_lib/fsa0m_a/2008Q3v1.2/T33_GENERIC_IO/FrontEnd/synopsys/fsa0m_a_t33_generic_io_ss1p62v125c.db
/usr/cad/CBDK/CBDK018_UMC_Faraday_v1.0/orig_lib/fsa0m_a/2008Q3v1.2/T33_GENERIC_IO/FrontEnd/synopsys/fsa0m_a_t33_generic_io_ff1p98vm40c.db
/home/user2/vsd21/vsd2102/VSD_hw/hw1/H24071037/sim/SRAM/SRAM_WC.db
/home/user2/vsd21/vsd2102/VSD_hw/hw1/H24071037/sim/SRAM/SRAM_BC.db
/usr/cad/synopsys/synthesis/cur/auxx/gui/dv/dv_setup.tcl
/usr/cad/synopsys/synthesis/cur/auxx/gui/syn/snpsSynProcs.tcl
/usr/cad/synopsys/synthesis/cur/auxx/gui/syn/layout/pkgIndex.tcl
/usr/cad/synopsys/synthesis/cur/auxx/gui/common/tq/pkgIndex.tcl
/usr/cad/synopsys/synthesis/cur/auxx/gui/common/docBrowser/pkgIndex.tcl
/usr/cad/synopsys/synthesis/cur/auxx/gui/common/qtcl/pkgIndex.tcl
/usr/cad/synopsys/synthesis/cur/auxx/gui/common/profiler/pkgIndex.tcl
/usr/cad/synopsys/synthesis/cur/auxx/gui/common/highlight/pkgIndex.tcl
/usr/cad/synopsys/synthesis/cur/auxx/gui/common/tiledview/pkgIndex.tcl
/usr/cad/synopsys/synthesis/cur/auxx/gui/common/mrupalette/pkgIndex.tcl
/usr/cad/synopsys/synthesis/cur/auxx/gui/common/histogram/pkgIndex.tcl
/usr/cad/synopsys/synthesis/cur/auxx/gui/common/palettegroup/pkgIndex.tcl
/usr/cad/synopsys/synthesis/cur/auxx/gui/common/layout/pkgIndex.tcl
/usr/cad/synopsys/synthesis/cur/auxx/gui/common/select/pkgIndex.tcl
/usr/cad/synopsys/synthesis/cur/auxx/gui/common/pathinspector/pkgIndex.tcl
/usr/cad/synopsys/synthesis/cur/auxx/gui/common/regressionToolkit/pkgIndex.tcl
/usr/cad/synopsys/synthesis/cur/auxx/gui/common/fanoutviewer/pkgIndex.tcl
/usr/cad/synopsys/synthesis/cur/auxx/gui/common/table/pkgIndex.tcl
/usr/cad/synopsys/synthesis/cur/auxx/gui/common/opdlg/pkgIndex.tcl
/usr/cad/synopsys/synthesis/cur/auxx/gui/common/timing/pkgIndex.tcl
/usr/cad/synopsys/synthesis/cur/auxx/gui/common/acg/pkgIndex.tcl
/usr/cad/synopsys/synthesis/cur/auxx/gui/common/strokes/pkgIndex.tcl
/usr/cad/synopsys/synthesis/cur/auxx/gui/common/libviewer/pkgIndex.tcl
/usr/cad/synopsys/synthesis/cur/auxx/gui/common/menus/pkgIndex.tcl
/usr/cad/synopsys/synthesis/cur/auxx/gui/common/view/pkgIndex.tcl
/usr/cad/synopsys/synthesis/cur/auxx/gui/common/commandform/pkgIndex.tcl
/usr/cad/synopsys/synthesis/cur/auxx/gui/common/WindowFrameWork/pkgIndex.tcl
/usr/cad/synopsys/synthesis/cur/auxx/gui/common/schematic/pkgIndex.tcl
/usr/cad/synopsys/synthesis/cur/auxx/gui/common/misc/pkgIndex.tcl
/usr/cad/synopsys/synthesis/cur/auxx/gui/common/tcl-dp/pkgIndex.tcl
/usr/cad/synopsys/synthesis/cur/auxx/gui/common/dialogs/pkgIndex.tcl
/usr/cad/synopsys/synthesis/cur/auxx/gui/common/setup/pkgIndex.tcl
/usr/cad/synopsys/synthesis/cur/auxx/gui/common/hierarchy/pkgIndex.tcl
/usr/cad/synopsys/synthesis/cur/auxx/gui/dv/pkgIndex.tcl
/usr/cad/synopsys/synthesis/cur/auxx/syn/lib/pkgIndex.tcl
/usr/cad/synopsys/synthesis/cur/auxx/tcllib/lib/iwidgets4.1/pkgIndex.tcl
/usr/cad/synopsys/synthesis/cur/auxx/tcllib/snps_tcl/snpsTclPro/pkgIndex.tcl
/usr/cad/synopsys/synthesis/cur/auxx/tcllib/snps_tcl/snpsTest/pkgIndex.tcl
/usr/cad/synopsys/synthesis/cur/auxx/tcllib/snps_tcl/snpsUtils/pkgIndex.tcl
/usr/cad/synopsys/synthesis/cur/auxx/tcllib/snps_tcl/pkgIndex.tcl
/usr/cad/synopsys/synthesis/cur/auxx/tcllib/lib/tcl8.6/reg/pkgIndex.tcl
/usr/cad/synopsys/synthesis/cur/auxx/tcllib/lib/tcl8.6/dde/pkgIndex.tcl
/usr/cad/synopsys/synthesis/cur/auxx/tcllib/lib/tcl8.6/platform/pkgIndex.tcl
/usr/cad/synopsys/synthesis/cur/auxx/tcllib/lib/tcl8.6/tcltest/pkgIndex.tcl
/usr/cad/synopsys/synthesis/cur/auxx/tcllib/lib/tcl8.6/http/pkgIndex.tcl
/usr/cad/synopsys/synthesis/cur/auxx/tcllib/lib/tcl8.6/msgcat/pkgIndex.tcl
/usr/cad/synopsys/synthesis/cur/auxx/tcllib/lib/tcl8.6/http1.0/pkgIndex.tcl
/usr/cad/synopsys/synthesis/cur/auxx/tcllib/lib/tcl8.6/opt/pkgIndex.tcl
/usr/cad/synopsys/synthesis/cur/auxx/gui/common/setup/snpsCommonSetup.tcl
/usr/cad/synopsys/synthesis/cur/auxx/gui/common/setup/snpsCustomize.tcl
/usr/cad/synopsys/synthesis/cur/auxx/gui/common/setup/snpsProcheck.tcl
/usr/cad/synopsys/synthesis/cur/auxx/gui/common/qtcl/.synopsys_qtcl.tcl
/usr/cad/synopsys/synthesis/cur/auxx/gui/common/highlight/highlight.tcl
/usr/cad/synopsys/synthesis/cur/auxx/gui/common/misc/base.tcl
/usr/cad/synopsys/synthesis/cur/auxx/gui/common/misc/timing.tcl
/usr/cad/synopsys/synthesis/cur/auxx/gui/common/misc/setting.tcl
/usr/cad/synopsys/synthesis/cur/auxx/gui/common/misc/preset.tcl
/usr/cad/synopsys/synthesis/cur/auxx/gui/common/WindowFrameWork/windowFrameWork.tcl
/usr/cad/synopsys/synthesis/cur/auxx/gui/common/WindowFrameWork/skipBusyCursorCmdList.tcl
/usr/cad/synopsys/synthesis/cur/auxx/gui/common/docBrowser/docBrowser.tcl
/usr/cad/synopsys/synthesis/cur/auxx/tcllib/snps_tcl/snpsUtils/snpsUtils.tcl
/usr/cad/synopsys/synthesis/cur/auxx/gui/common/dialogs/ObjectChooser.tcl
/usr/cad/synopsys/synthesis/cur/auxx/gui/common/misc/DialogObjectChooser.tcl
/usr/cad/synopsys/synthesis/cur/auxx/gui/common/dialogs/HistBinInformation.tcl
/usr/cad/synopsys/synthesis/cur/auxx/gui/common/dialogs/HistBin1Information.tcl
/usr/cad/synopsys/synthesis/cur/auxx/gui/common/dialogs/BinsOnlyInformation.tcl
/usr/cad/synopsys/synthesis/cur/auxx/gui/common/dialogs/FileChooser.tcl
/usr/cad/synopsys/synthesis/cur/auxx/gui/common/dialogs/PathPinSimpleInfo.tcl
/usr/cad/synopsys/synthesis/cur/auxx/gui/common/dialogs/PathsBasicInfo.tcl
/usr/cad/synopsys/synthesis/cur/auxx/gui/common/dialogs/PathsBasicSimpleInfo.tcl
/usr/cad/synopsys/synthesis/cur/auxx/gui/common/dialogs/SlctOperationInfo.tcl
/usr/cad/synopsys/synthesis/cur/auxx/gui/common/dialogs/ObjectListInfo.tcl
/usr/cad/synopsys/synthesis/cur/auxx/gui/common/dialogs/FanInOutInfo.tcl
/usr/cad/synopsys/synthesis/cur/auxx/gui/common/dialogs/NumberOfLevelsChooser.tcl
/usr/cad/synopsys/synthesis/cur/auxx/gui/common/dialogs/WindowReuseInfo.tcl
/usr/cad/synopsys/synthesis/cur/auxx/gui/common/dialogs/ReportOutputOptionInfo.tcl
/usr/cad/synopsys/synthesis/cur/auxx/gui/common/setup/snpsCollections.tcl
/usr/cad/synopsys/synthesis/cur/auxx/gui/common/dialogs/CompileLinkDesign.tcl
/usr/cad/synopsys/synthesis/cur/auxx/gui/common/histogram/DialogEndpointSlack.tcl
/usr/cad/synopsys/synthesis/cur/auxx/gui/common/histogram/DialogPathsSlack.tcl
/usr/cad/synopsys/synthesis/cur/auxx/gui/common/histogram/DialogNetCapacitance.tcl
/usr/cad/synopsys/synthesis/cur/auxx/gui/common/schematic/DialogPathSchematicFanInOut.tcl
/usr/cad/synopsys/synthesis/cur/auxx/gui/common/schematic/DialogPathSchematicAddPaths.tcl
/home/user2/vsd21/vsd2102/VSD_hw/hw1/H24071037/script/synthesis.tcl
/usr/cad/synopsys/synthesis/cur/libraries/syn/dw_foundation.sldb
/usr/cad/synopsys/synthesis/cur/libraries/syn/gtech.db
/usr/cad/synopsys/synthesis/cur/libraries/syn/standard.sldb
/home/user2/vsd21/vsd2102/VSD_hw/hw1/H24071037/src/top.sv
/home/user2/vsd21/vsd2102/VSD_hw/hw1/H24071037/src/stage_IF.sv
/home/user2/vsd21/vsd2102/VSD_hw/hw1/H24071037/src/stage_ID.sv
/home/user2/vsd21/vsd2102/VSD_hw/hw1/H24071037/include/all_def.svh
/home/user2/vsd21/vsd2102/VSD_hw/hw1/H24071037/src/stage_EX.sv
/home/user2/vsd21/vsd2102/VSD_hw/hw1/H24071037/include/all_def.svh
/home/user2/vsd21/vsd2102/VSD_hw/hw1/H24071037/src/stage_MEM_and_WB.sv
/home/user2/vsd21/vsd2102/VSD_hw/hw1/H24071037/src/forward_unit.sv
/home/user2/vsd21/vsd2102/VSD_hw/hw1/H24071037/include/all_def.svh
/home/user2/vsd21/vsd2102/VSD_hw/hw1/H24071037/src/hazard_unit.sv
/home/user2/vsd21/vsd2102/VSD_hw/hw1/H24071037/src/SRAM_wrapper.sv
/home/user2/vsd21/vsd2102/VSD_hw/hw1/H24071037/script/DC.sdc
/home/user2/vsd21/vsd2102/synopsys_cache_O-2018.06/DW01/DW01_sub/rpl/32/fsa0m_a_generic_core_ss1p62v125c_1360/element.ddc
/home/user2/vsd21/vsd2102/synopsys_cache_O-2018.06/DW01/DW01_add/rpl/32/fsa0m_a_generic_core_ss1p62v125c_1360/element.ddc
/usr/cad/CBDK/CBDK018_UMC_Faraday_v1.0/orig_lib/fsa0m_a/2009Q2v2.0/GENERIC_CORE/FrontEnd/synopsys/fsa0m_a_generic_core_ff1p98vm40c.db
/usr/cad/CBDK/CBDK018_UMC_Faraday_v1.0/orig_lib/fsa0m_a/2009Q2v2.0/GENERIC_CORE/FrontEnd/synopsys/fsa0m_a_generic_core_ss1p62v125c.db
/home/user2/vsd21/vsd2102/synopsys_cache_O-2018.06/DW01/DW01_sub/rpl/32/fsa0m_a_generic_core_ss1p62v125c_1360_2258_7224/element.ddc
/home/user2/vsd21/vsd2102/synopsys_cache_O-2018.06/DW01/DW01_add/rpl/32/fsa0m_a_generic_core_ss1p62v125c_1360_2258_7224/element.ddc
/home/user2/vsd21/vsd2102/VSD_hw/hw1/H24071037/sim/SRAM/SRAM_WC.db
/home/user2/vsd21/vsd2102/VSD_hw/hw1/H24071037/sim/SRAM/SRAM_BC.db
/usr/cad/CBDK/CBDK018_UMC_Faraday_v1.0/orig_lib/fsa0m_a/2008Q3v1.2/T33_GENERIC_IO/FrontEnd/synopsys/fsa0m_a_t33_generic_io_ss1p62v125c.db
/usr/cad/CBDK/CBDK018_UMC_Faraday_v1.0/orig_lib/fsa0m_a/2008Q3v1.2/T33_GENERIC_IO/FrontEnd/synopsys/fsa0m_a_t33_generic_io_ff1p98vm40c.db
