irun(64): 15.20-s039: (c) Copyright 1995-2017 Cadence Design Systems, Inc.
TOOL:	irun(64)	15.20-s039: Started on Oct 11, 2021 at 22:55:05 CST
irun
	/home/user2/vsd21/vsd2102/VSD_hw/hw1/H24071037/./sim/top_tb.sv
	-sdf_file /home/user2/vsd21/vsd2102/VSD_hw/hw1/H24071037/./syn/top_syn.sdf
	+incdir+/home/user2/vsd21/vsd2102/VSD_hw/hw1/H24071037/./syn+/home/user2/vsd21/vsd2102/VSD_hw/hw1/H24071037/./include+/home/user2/vsd21/vsd2102/VSD_hw/hw1/H24071037/./sim
	+define+SYN+prog0+FSDB_ALL
	-define CYCLE=9.0
	-define MAX=100000
	+access+r
	+prog_path=/home/user2/vsd21/vsd2102/VSD_hw/hw1/H24071037/./sim/prog0

   User defined plus("+") options:
	+prog_path=/home/user2/vsd21/vsd2102/VSD_hw/hw1/H24071037/./sim/prog0

file: /home/user2/vsd21/vsd2102/VSD_hw/hw1/H24071037/./sim/top_tb.sv
`define CYCLE 10.0 // Cycle time
                                |
ncvlog: *W,MACNDF (/home/user2/vsd21/vsd2102/VSD_hw/hw1/H24071037/./sim/top_tb.sv,2|32): The text macro 'CYCLE' has also been defined on the command line using the -DEFINE command line option.  The compiler will ignore the definition found in the Verilog source code.
`define MAX 100000 // Max cycle number
                                      |
ncvlog: *W,MACNDF (/home/user2/vsd21/vsd2102/VSD_hw/hw1/H24071037/./sim/top_tb.sv,3|38): The text macro 'MAX' has also been defined on the command line using the -DEFINE command line option.  The compiler will ignore the definition found in the Verilog source code.
    $value$plusargs("prog_path=%s", prog_path);
                  |
ncvlog: *W,NOSYST (/home/user2/vsd21/vsd2102/VSD_hw/hw1/H24071037/./sim/top_tb.sv,39|18): System function '$value$plusargs' invoked as a task. Return value will be ignored.
      $fscanf(gf, "%h\n", GOLDEN[num]);
            |
ncvlog: *W,NOSYST (/home/user2/vsd21/vsd2102/VSD_hw/hw1/H24071037/./sim/top_tb.sv,54|12): System function '$fscanf' invoked as a task. Return value will be ignored.
ncvlog: *W,SPDUSD: Include directory /home/user2/vsd21/vsd2102/VSD_hw/hw1/H24071037/./include given but not used.
	Total errors/warnings found outside modules and primitives:
		errors: 0, warnings: 3
		Caching library 'worklib' ....... Done
	Elaborating the design hierarchy:
  stage_IF_DW01_add_1 add_12 ( .A({pc[31:22], n25, pc[20:16], instr_addr, pc_1, 
                           |
ncelab: *W,CUVWSP (../syn/top_syn.v,133|27): 1 output port was not connected:
ncelab: (../syn/top_syn.v,35): CO

  stage_ID ID ( .clk(clk), .rst(n2), .flush_ID(flush_ID), .wb_idx(wb_idx), 
            |
ncelab: *W,CUVWSP (../syn/top_syn.v,10801|12): 1 output port was not connected:
ncelab: (../syn/top_syn.v,715): rs1_idx_fromID

  DFCRBN \imm_reg[10]  ( .D(n136), .RB(instr[30]), .CK(clk), .Q(imm[10]) );
                     |
ncelab: *W,CUVWSP (../syn/top_syn.v,1385|21): 1 output port was not connected:
ncelab: (/usr/cad/CBDK/CBDK018_UMC_Faraday_v1.0/orig_lib/fsa0m_a/2009Q2v2.0/GENERIC_CORE/FrontEnd/verilog/fsa0m_a_generic_core_21.lib,5021): QB

  DFCRBN \imm_reg[9]  ( .D(n136), .RB(instr[29]), .CK(clk), .Q(imm[9]) );
                    |
ncelab: *W,CUVWSP (../syn/top_syn.v,1386|20): 1 output port was not connected:
ncelab: (/usr/cad/CBDK/CBDK018_UMC_Faraday_v1.0/orig_lib/fsa0m_a/2009Q2v2.0/GENERIC_CORE/FrontEnd/verilog/fsa0m_a_generic_core_21.lib,5021): QB

  DFCRBN \imm_reg[8]  ( .D(n136), .RB(instr[28]), .CK(clk), .Q(imm[8]) );
                    |
ncelab: *W,CUVWSP (../syn/top_syn.v,1387|20): 1 output port was not connected:
ncelab: (/usr/cad/CBDK/CBDK018_UMC_Faraday_v1.0/orig_lib/fsa0m_a/2009Q2v2.0/GENERIC_CORE/FrontEnd/verilog/fsa0m_a_generic_core_21.lib,5021): QB

  DFCRBN \imm_reg[7]  ( .D(n136), .RB(instr[27]), .CK(clk), .Q(imm[7]) );
                    |
ncelab: *W,CUVWSP (../syn/top_syn.v,1388|20): 1 output port was not connected:
ncelab: (/usr/cad/CBDK/CBDK018_UMC_Faraday_v1.0/orig_lib/fsa0m_a/2009Q2v2.0/GENERIC_CORE/FrontEnd/verilog/fsa0m_a_generic_core_21.lib,5021): QB

  DFCRBN \imm_reg[6]  ( .D(n136), .RB(instr[26]), .CK(clk), .Q(imm[6]) );
                    |
ncelab: *W,CUVWSP (../syn/top_syn.v,1389|20): 1 output port was not connected:
ncelab: (/usr/cad/CBDK/CBDK018_UMC_Faraday_v1.0/orig_lib/fsa0m_a/2009Q2v2.0/GENERIC_CORE/FrontEnd/verilog/fsa0m_a_generic_core_21.lib,5021): QB

  DFCRBN \imm_reg[5]  ( .D(n136), .RB(instr[25]), .CK(clk), .Q(imm[5]) );
                    |
ncelab: *W,CUVWSP (../syn/top_syn.v,1390|20): 1 output port was not connected:
ncelab: (/usr/cad/CBDK/CBDK018_UMC_Faraday_v1.0/orig_lib/fsa0m_a/2009Q2v2.0/GENERIC_CORE/FrontEnd/verilog/fsa0m_a_generic_core_21.lib,5021): QB

  DFCRBN \br_op_reg[1]  ( .D(n3025), .RB(n108), .CK(clk), .Q(br_op[1]) );
                      |
ncelab: *W,CUVWSP (../syn/top_syn.v,1391|22): 1 output port was not connected:
ncelab: (/usr/cad/CBDK/CBDK018_UMC_Faraday_v1.0/orig_lib/fsa0m_a/2009Q2v2.0/GENERIC_CORE/FrontEnd/verilog/fsa0m_a_generic_core_21.lib,5021): QB

  DFCRBN mem_wr_fromID_reg ( .D(n135), .RB(n108), .CK(clk), .Q(mem_wr_fromID)
                         |
ncelab: *W,CUVWSP (../syn/top_syn.v,1392|25): 1 output port was not connected:
ncelab: (/usr/cad/CBDK/CBDK018_UMC_Faraday_v1.0/orig_lib/fsa0m_a/2009Q2v2.0/GENERIC_CORE/FrontEnd/verilog/fsa0m_a_generic_core_21.lib,5021): QB

  DFCRBN \rs2_idx_fromID_reg[4]  ( .D(N38), .RB(n108), .CK(clk), .Q(
                               |
ncelab: *W,CUVWSP (../syn/top_syn.v,1394|31): 1 output port was not connected:
ncelab: (/usr/cad/CBDK/CBDK018_UMC_Faraday_v1.0/orig_lib/fsa0m_a/2009Q2v2.0/GENERIC_CORE/FrontEnd/verilog/fsa0m_a_generic_core_21.lib,5021): QB

  DFCRBN \rs2_idx_fromID_reg[3]  ( .D(N37), .RB(n108), .CK(clk), .Q(
                               |
ncelab: *W,CUVWSP (../syn/top_syn.v,1396|31): 1 output port was not connected:
ncelab: (/usr/cad/CBDK/CBDK018_UMC_Faraday_v1.0/orig_lib/fsa0m_a/2009Q2v2.0/GENERIC_CORE/FrontEnd/verilog/fsa0m_a_generic_core_21.lib,5021): QB

  DFCRBN \rs2_idx_fromID_reg[2]  ( .D(N36), .RB(n108), .CK(clk), .Q(
                               |
ncelab: *W,CUVWSP (../syn/top_syn.v,1398|31): 1 output port was not connected:
ncelab: (/usr/cad/CBDK/CBDK018_UMC_Faraday_v1.0/orig_lib/fsa0m_a/2009Q2v2.0/GENERIC_CORE/FrontEnd/verilog/fsa0m_a_generic_core_21.lib,5021): QB

  DFCRBN \rs2_idx_fromID_reg[1]  ( .D(N35), .RB(n108), .CK(clk), .Q(
                               |
ncelab: *W,CUVWSP (../syn/top_syn.v,1400|31): 1 output port was not connected:
ncelab: (/usr/cad/CBDK/CBDK018_UMC_Faraday_v1.0/orig_lib/fsa0m_a/2009Q2v2.0/GENERIC_CORE/FrontEnd/verilog/fsa0m_a_generic_core_21.lib,5021): QB

  DFCRBN \rs2_idx_fromID_reg[0]  ( .D(N34), .RB(n109), .CK(clk), .Q(
                               |
ncelab: *W,CUVWSP (../syn/top_syn.v,1402|31): 1 output port was not connected:
ncelab: (/usr/cad/CBDK/CBDK018_UMC_Faraday_v1.0/orig_lib/fsa0m_a/2009Q2v2.0/GENERIC_CORE/FrontEnd/verilog/fsa0m_a_generic_core_21.lib,5021): QB

  DFCRBN \rs1_idx_fromID_reg[4]  ( .D(n107), .RB(rs1_idx_fromIF[4]), .CK(clk), 
                               |
ncelab: *W,CUVWSP (../syn/top_syn.v,1404|31): 1 output port was not connected:
ncelab: (/usr/cad/CBDK/CBDK018_UMC_Faraday_v1.0/orig_lib/fsa0m_a/2009Q2v2.0/GENERIC_CORE/FrontEnd/verilog/fsa0m_a_generic_core_21.lib,5021): QB

  DFCRBN \rs1_idx_fromID_reg[3]  ( .D(n107), .RB(rs1_idx_fromIF[3]), .CK(clk), 
                               |
ncelab: *W,CUVWSP (../syn/top_syn.v,1406|31): 1 output port was not connected:
ncelab: (/usr/cad/CBDK/CBDK018_UMC_Faraday_v1.0/orig_lib/fsa0m_a/2009Q2v2.0/GENERIC_CORE/FrontEnd/verilog/fsa0m_a_generic_core_21.lib,5021): QB

  DFCRBN \rs1_idx_fromID_reg[2]  ( .D(n108), .RB(rs1_idx_fromIF[2]), .CK(clk), 
                               |
ncelab: *W,CUVWSP (../syn/top_syn.v,1408|31): 1 output port was not connected:
ncelab: (/usr/cad/CBDK/CBDK018_UMC_Faraday_v1.0/orig_lib/fsa0m_a/2009Q2v2.0/GENERIC_CORE/FrontEnd/verilog/fsa0m_a_generic_core_21.lib,5021): QB

  DFCRBN \rs1_idx_fromID_reg[1]  ( .D(n108), .RB(rs1_idx_fromIF[1]), .CK(clk), 
                               |
ncelab: *W,CUVWSP (../syn/top_syn.v,1410|31): 1 output port was not connected:
ncelab: (/usr/cad/CBDK/CBDK018_UMC_Faraday_v1.0/orig_lib/fsa0m_a/2009Q2v2.0/GENERIC_CORE/FrontEnd/verilog/fsa0m_a_generic_core_21.lib,5021): QB

  DFCRBN \rs1_idx_fromID_reg[0]  ( .D(n108), .RB(rs1_idx_fromIF[0]), .CK(clk), 
                               |
ncelab: *W,CUVWSP (../syn/top_syn.v,1412|31): 1 output port was not connected:
ncelab: (/usr/cad/CBDK/CBDK018_UMC_Faraday_v1.0/orig_lib/fsa0m_a/2009Q2v2.0/GENERIC_CORE/FrontEnd/verilog/fsa0m_a_generic_core_21.lib,5021): QB

  DFCRBN \pc4_fromID_reg[31]  ( .D(pc4_fromIF[31]), .RB(n108), .CK(clk), .Q(
                            |
ncelab: *W,CUVWSP (../syn/top_syn.v,1414|28): 1 output port was not connected:
ncelab: (/usr/cad/CBDK/CBDK018_UMC_Faraday_v1.0/orig_lib/fsa0m_a/2009Q2v2.0/GENERIC_CORE/FrontEnd/verilog/fsa0m_a_generic_core_21.lib,5021): QB

  DFCRBN \pc4_fromID_reg[30]  ( .D(pc4_fromIF[30]), .RB(n108), .CK(clk), .Q(
                            |
ncelab: *W,CUVWSP (../syn/top_syn.v,1416|28): 1 output port was not connected:
ncelab: (/usr/cad/CBDK/CBDK018_UMC_Faraday_v1.0/orig_lib/fsa0m_a/2009Q2v2.0/GENERIC_CORE/FrontEnd/verilog/fsa0m_a_generic_core_21.lib,5021): QB

  DFCRBN \pc4_fromID_reg[29]  ( .D(pc4_fromIF[29]), .RB(n109), .CK(clk), .Q(
                            |
ncelab: *W,CUVWSP (../syn/top_syn.v,1418|28): 1 output port was not connected:
ncelab: (/usr/cad/CBDK/CBDK018_UMC_Faraday_v1.0/orig_lib/fsa0m_a/2009Q2v2.0/GENERIC_CORE/FrontEnd/verilog/fsa0m_a_generic_core_21.lib,5021): QB

  DFCRBN \pc4_fromID_reg[28]  ( .D(pc4_fromIF[28]), .RB(n108), .CK(clk), .Q(
                            |
ncelab: *W,CUVWSP (../syn/top_syn.v,1420|28): 1 output port was not connected:
ncelab: (/usr/cad/CBDK/CBDK018_UMC_Faraday_v1.0/orig_lib/fsa0m_a/2009Q2v2.0/GENERIC_CORE/FrontEnd/verilog/fsa0m_a_generic_core_21.lib,5021): QB

  DFCRBN \pc4_fromID_reg[27]  ( .D(pc4_fromIF[27]), .RB(n108), .CK(clk), .Q(
                            |
ncelab: *W,CUVWSP (../syn/top_syn.v,1422|28): 1 output port was not connected:
ncelab: (/usr/cad/CBDK/CBDK018_UMC_Faraday_v1.0/orig_lib/fsa0m_a/2009Q2v2.0/GENERIC_CORE/FrontEnd/verilog/fsa0m_a_generic_core_21.lib,5021): QB

  DFCRBN \pc4_fromID_reg[26]  ( .D(pc4_fromIF[26]), .RB(n108), .CK(clk), .Q(
                            |
ncelab: *W,CUVWSP (../syn/top_syn.v,1424|28): 1 output port was not connected:
ncelab: (/usr/cad/CBDK/CBDK018_UMC_Faraday_v1.0/orig_lib/fsa0m_a/2009Q2v2.0/GENERIC_CORE/FrontEnd/verilog/fsa0m_a_generic_core_21.lib,5021): QB

  DFCRBN \pc4_fromID_reg[25]  ( .D(pc4_fromIF[25]), .RB(n108), .CK(clk), .Q(
                            |
ncelab: *W,CUVWSP (../syn/top_syn.v,1426|28): 1 output port was not connected:
ncelab: (/usr/cad/CBDK/CBDK018_UMC_Faraday_v1.0/orig_lib/fsa0m_a/2009Q2v2.0/GENERIC_CORE/FrontEnd/verilog/fsa0m_a_generic_core_21.lib,5021): QB

  DFCRBN \pc4_fromID_reg[24]  ( .D(pc4_fromIF[24]), .RB(n108), .CK(clk), .Q(
                            |
ncelab: *W,CUVWSP (../syn/top_syn.v,1428|28): 1 output port was not connected:
ncelab: (/usr/cad/CBDK/CBDK018_UMC_Faraday_v1.0/orig_lib/fsa0m_a/2009Q2v2.0/GENERIC_CORE/FrontEnd/verilog/fsa0m_a_generic_core_21.lib,5021): QB

  DFCRBN \pc4_fromID_reg[23]  ( .D(pc4_fromIF[23]), .RB(n108), .CK(clk), .Q(
                            |
ncelab: *W,CUVWSP (../syn/top_syn.v,1430|28): 1 output port was not connected:
ncelab: (/usr/cad/CBDK/CBDK018_UMC_Faraday_v1.0/orig_lib/fsa0m_a/2009Q2v2.0/GENERIC_CORE/FrontEnd/verilog/fsa0m_a_generic_core_21.lib,5021): QB

  DFCRBN \pc4_fromID_reg[22]  ( .D(pc4_fromIF[22]), .RB(n108), .CK(clk), .Q(
                            |
ncelab: *W,CUVWSP (../syn/top_syn.v,1432|28): 1 output port was not connected:
ncelab: (/usr/cad/CBDK/CBDK018_UMC_Faraday_v1.0/orig_lib/fsa0m_a/2009Q2v2.0/GENERIC_CORE/FrontEnd/verilog/fsa0m_a_generic_core_21.lib,5021): QB

  DFCRBN \pc4_fromID_reg[21]  ( .D(pc4_fromIF[21]), .RB(n108), .CK(clk), .Q(
                            |
ncelab: *W,CUVWSP (../syn/top_syn.v,1434|28): 1 output port was not connected:
ncelab: (/usr/cad/CBDK/CBDK018_UMC_Faraday_v1.0/orig_lib/fsa0m_a/2009Q2v2.0/GENERIC_CORE/FrontEnd/verilog/fsa0m_a_generic_core_21.lib,5021): QB

  DFCRBN \pc4_fromID_reg[20]  ( .D(pc4_fromIF[20]), .RB(n108), .CK(clk), .Q(
                            |
ncelab: *W,CUVWSP (../syn/top_syn.v,1436|28): 1 output port was not connected:
ncelab: (/usr/cad/CBDK/CBDK018_UMC_Faraday_v1.0/orig_lib/fsa0m_a/2009Q2v2.0/GENERIC_CORE/FrontEnd/verilog/fsa0m_a_generic_core_21.lib,5021): QB

  DFCRBN \pc4_fromID_reg[19]  ( .D(pc4_fromIF[19]), .RB(n108), .CK(clk), .Q(
                            |
ncelab: *W,CUVWSP (../syn/top_syn.v,1438|28): 1 output port was not connected:
ncelab: (/usr/cad/CBDK/CBDK018_UMC_Faraday_v1.0/orig_lib/fsa0m_a/2009Q2v2.0/GENERIC_CORE/FrontEnd/verilog/fsa0m_a_generic_core_21.lib,5021): QB

  DFCRBN \pc4_fromID_reg[18]  ( .D(pc4_fromIF[18]), .RB(n108), .CK(clk), .Q(
                            |
ncelab: *W,CUVWSP (../syn/top_syn.v,1440|28): 1 output port was not connected:
ncelab: (/usr/cad/CBDK/CBDK018_UMC_Faraday_v1.0/orig_lib/fsa0m_a/2009Q2v2.0/GENERIC_CORE/FrontEnd/verilog/fsa0m_a_generic_core_21.lib,5021): QB

  DFCRBN \pc4_fromID_reg[17]  ( .D(pc4_fromIF[17]), .RB(n108), .CK(clk), .Q(
                            |
ncelab: *W,CUVWSP (../syn/top_syn.v,1442|28): 1 output port was not connected:
ncelab: (/usr/cad/CBDK/CBDK018_UMC_Faraday_v1.0/orig_lib/fsa0m_a/2009Q2v2.0/GENERIC_CORE/FrontEnd/verilog/fsa0m_a_generic_core_21.lib,5021): QB

  DFCRBN \pc4_fromID_reg[16]  ( .D(pc4_fromIF[16]), .RB(n108), .CK(clk), .Q(
                            |
ncelab: *W,CUVWSP (../syn/top_syn.v,1444|28): 1 output port was not connected:
ncelab: (/usr/cad/CBDK/CBDK018_UMC_Faraday_v1.0/orig_lib/fsa0m_a/2009Q2v2.0/GENERIC_CORE/FrontEnd/verilog/fsa0m_a_generic_core_21.lib,5021): QB

  DFCRBN \pc4_fromID_reg[15]  ( .D(pc4_fromIF[15]), .RB(n108), .CK(clk), .Q(
                            |
ncelab: *W,CUVWSP (../syn/top_syn.v,1446|28): 1 output port was not connected:
ncelab: (/usr/cad/CBDK/CBDK018_UMC_Faraday_v1.0/orig_lib/fsa0m_a/2009Q2v2.0/GENERIC_CORE/FrontEnd/verilog/fsa0m_a_generic_core_21.lib,5021): QB

  DFCRBN \pc4_fromID_reg[14]  ( .D(pc4_fromIF[14]), .RB(n108), .CK(clk), .Q(
                            |
ncelab: *W,CUVWSP (../syn/top_syn.v,1448|28): 1 output port was not connected:
ncelab: (/usr/cad/CBDK/CBDK018_UMC_Faraday_v1.0/orig_lib/fsa0m_a/2009Q2v2.0/GENERIC_CORE/FrontEnd/verilog/fsa0m_a_generic_core_21.lib,5021): QB

  DFCRBN \pc4_fromID_reg[13]  ( .D(pc4_fromIF[13]), .RB(n108), .CK(clk), .Q(
                            |
ncelab: *W,CUVWSP (../syn/top_syn.v,1450|28): 1 output port was not connected:
ncelab: (/usr/cad/CBDK/CBDK018_UMC_Faraday_v1.0/orig_lib/fsa0m_a/2009Q2v2.0/GENERIC_CORE/FrontEnd/verilog/fsa0m_a_generic_core_21.lib,5021): QB

  DFCRBN \pc4_fromID_reg[12]  ( .D(pc4_fromIF[12]), .RB(n108), .CK(clk), .Q(
                            |
ncelab: *W,CUVWSP (../syn/top_syn.v,1452|28): 1 output port was not connected:
ncelab: (/usr/cad/CBDK/CBDK018_UMC_Faraday_v1.0/orig_lib/fsa0m_a/2009Q2v2.0/GENERIC_CORE/FrontEnd/verilog/fsa0m_a_generic_core_21.lib,5021): QB

  DFCRBN \pc4_fromID_reg[11]  ( .D(pc4_fromIF[11]), .RB(n108), .CK(clk), .Q(
                            |
ncelab: *W,CUVWSP (../syn/top_syn.v,1454|28): 1 output port was not connected:
ncelab: (/usr/cad/CBDK/CBDK018_UMC_Faraday_v1.0/orig_lib/fsa0m_a/2009Q2v2.0/GENERIC_CORE/FrontEnd/verilog/fsa0m_a_generic_core_21.lib,5021): QB

  DFCRBN \pc4_fromID_reg[10]  ( .D(pc4_fromIF[10]), .RB(n108), .CK(clk), .Q(
                            |
ncelab: *W,CUVWSP (../syn/top_syn.v,1456|28): 1 output port was not connected:
ncelab: (/usr/cad/CBDK/CBDK018_UMC_Faraday_v1.0/orig_lib/fsa0m_a/2009Q2v2.0/GENERIC_CORE/FrontEnd/verilog/fsa0m_a_generic_core_21.lib,5021): QB

  DFCRBN \pc4_fromID_reg[9]  ( .D(pc4_fromIF[9]), .RB(n2619), .CK(clk), .Q(
                           |
ncelab: *W,CUVWSP (../syn/top_syn.v,1458|27): 1 output port was not connected:
ncelab: (/usr/cad/CBDK/CBDK018_UMC_Faraday_v1.0/orig_lib/fsa0m_a/2009Q2v2.0/GENERIC_CORE/FrontEnd/verilog/fsa0m_a_generic_core_21.lib,5021): QB

  DFCRBN \pc4_fromID_reg[8]  ( .D(pc4_fromIF[8]), .RB(n108), .CK(clk), .Q(
                           |
ncelab: *W,CUVWSP (../syn/top_syn.v,1460|27): 1 output port was not connected:
ncelab: (/usr/cad/CBDK/CBDK018_UMC_Faraday_v1.0/orig_lib/fsa0m_a/2009Q2v2.0/GENERIC_CORE/FrontEnd/verilog/fsa0m_a_generic_core_21.lib,5021): QB

  DFCRBN \pc4_fromID_reg[7]  ( .D(pc4_fromIF[7]), .RB(n108), .CK(clk), .Q(
                           |
ncelab: *W,CUVWSP (../syn/top_syn.v,1462|27): 1 output port was not connected:
ncelab: (/usr/cad/CBDK/CBDK018_UMC_Faraday_v1.0/orig_lib/fsa0m_a/2009Q2v2.0/GENERIC_CORE/FrontEnd/verilog/fsa0m_a_generic_core_21.lib,5021): QB

  DFCRBN \pc4_fromID_reg[6]  ( .D(pc4_fromIF[6]), .RB(n108), .CK(clk), .Q(
                           |
ncelab: *W,CUVWSP (../syn/top_syn.v,1464|27): 1 output port was not connected:
ncelab: (/usr/cad/CBDK/CBDK018_UMC_Faraday_v1.0/orig_lib/fsa0m_a/2009Q2v2.0/GENERIC_CORE/FrontEnd/verilog/fsa0m_a_generic_core_21.lib,5021): QB

  DFCRBN \pc4_fromID_reg[5]  ( .D(pc4_fromIF[5]), .RB(n108), .CK(clk), .Q(
                           |
ncelab: *W,CUVWSP (../syn/top_syn.v,1466|27): 1 output port was not connected:
ncelab: (/usr/cad/CBDK/CBDK018_UMC_Faraday_v1.0/orig_lib/fsa0m_a/2009Q2v2.0/GENERIC_CORE/FrontEnd/verilog/fsa0m_a_generic_core_21.lib,5021): QB

  DFCRBN \pc4_fromID_reg[4]  ( .D(pc4_fromIF[4]), .RB(n108), .CK(clk), .Q(
                           |
ncelab: *W,CUVWSP (../syn/top_syn.v,1468|27): 1 output port was not connected:
ncelab: (/usr/cad/CBDK/CBDK018_UMC_Faraday_v1.0/orig_lib/fsa0m_a/2009Q2v2.0/GENERIC_CORE/FrontEnd/verilog/fsa0m_a_generic_core_21.lib,5021): QB

  DFCRBN \pc4_fromID_reg[3]  ( .D(pc4_fromIF[3]), .RB(n108), .CK(clk), .Q(
                           |
ncelab: *W,CUVWSP (../syn/top_syn.v,1470|27): 1 output port was not connected:
ncelab: (/usr/cad/CBDK/CBDK018_UMC_Faraday_v1.0/orig_lib/fsa0m_a/2009Q2v2.0/GENERIC_CORE/FrontEnd/verilog/fsa0m_a_generic_core_21.lib,5021): QB

  DFCRBN \pc4_fromID_reg[2]  ( .D(pc4_fromIF[2]), .RB(n108), .CK(clk), .Q(
                           |
ncelab: *W,CUVWSP (../syn/top_syn.v,1472|27): 1 output port was not connected:
ncelab: (/usr/cad/CBDK/CBDK018_UMC_Faraday_v1.0/orig_lib/fsa0m_a/2009Q2v2.0/GENERIC_CORE/FrontEnd/verilog/fsa0m_a_generic_core_21.lib,5021): QB

  DFCRBN \pc4_fromID_reg[1]  ( .D(pc4_fromIF[1]), .RB(n108), .CK(clk), .Q(
                           |
ncelab: *W,CUVWSP (../syn/top_syn.v,1474|27): 1 output port was not connected:
ncelab: (/usr/cad/CBDK/CBDK018_UMC_Faraday_v1.0/orig_lib/fsa0m_a/2009Q2v2.0/GENERIC_CORE/FrontEnd/verilog/fsa0m_a_generic_core_21.lib,5021): QB

  DFCRBN \pc4_fromID_reg[0]  ( .D(pc4_fromIF[0]), .RB(n108), .CK(clk), .Q(
                           |
ncelab: *W,CUVWSP (../syn/top_syn.v,1476|27): 1 output port was not connected:
ncelab: (/usr/cad/CBDK/CBDK018_UMC_Faraday_v1.0/orig_lib/fsa0m_a/2009Q2v2.0/GENERIC_CORE/FrontEnd/verilog/fsa0m_a_generic_core_21.lib,5021): QB

  DFCRBN \pc_fromID_reg[31]  ( .D(pc_fromIF[31]), .RB(n108), .CK(clk), .Q(
                           |
ncelab: *W,CUVWSP (../syn/top_syn.v,1478|27): 1 output port was not connected:
ncelab: (/usr/cad/CBDK/CBDK018_UMC_Faraday_v1.0/orig_lib/fsa0m_a/2009Q2v2.0/GENERIC_CORE/FrontEnd/verilog/fsa0m_a_generic_core_21.lib,5021): QB

  DFCRBN \pc_fromID_reg[30]  ( .D(pc_fromIF[30]), .RB(n108), .CK(clk), .Q(
                           |
ncelab: *W,CUVWSP (../syn/top_syn.v,1480|27): 1 output port was not connected:
ncelab: (/usr/cad/CBDK/CBDK018_UMC_Faraday_v1.0/orig_lib/fsa0m_a/2009Q2v2.0/GENERIC_CORE/FrontEnd/verilog/fsa0m_a_generic_core_21.lib,5021): QB

  DFCRBN \pc_fromID_reg[29]  ( .D(pc_fromIF[29]), .RB(n108), .CK(clk), .Q(
                           |
ncelab: *W,CUVWSP (../syn/top_syn.v,1482|27): 1 output port was not connected:
ncelab: (/usr/cad/CBDK/CBDK018_UMC_Faraday_v1.0/orig_lib/fsa0m_a/2009Q2v2.0/GENERIC_CORE/FrontEnd/verilog/fsa0m_a_generic_core_21.lib,5021): QB

  DFCRBN \pc_fromID_reg[28]  ( .D(pc_fromIF[28]), .RB(n108), .CK(clk), .Q(
                           |
ncelab: *W,CUVWSP (../syn/top_syn.v,1484|27): 1 output port was not connected:
ncelab: (/usr/cad/CBDK/CBDK018_UMC_Faraday_v1.0/orig_lib/fsa0m_a/2009Q2v2.0/GENERIC_CORE/FrontEnd/verilog/fsa0m_a_generic_core_21.lib,5021): QB

  DFCRBN \pc_fromID_reg[27]  ( .D(pc_fromIF[27]), .RB(n108), .CK(clk), .Q(
                           |
ncelab: *W,CUVWSP (../syn/top_syn.v,1486|27): 1 output port was not connected:
ncelab: (/usr/cad/CBDK/CBDK018_UMC_Faraday_v1.0/orig_lib/fsa0m_a/2009Q2v2.0/GENERIC_CORE/FrontEnd/verilog/fsa0m_a_generic_core_21.lib,5021): QB

  DFCRBN \pc_fromID_reg[26]  ( .D(pc_fromIF[26]), .RB(n108), .CK(clk), .Q(
                           |
ncelab: *W,CUVWSP (../syn/top_syn.v,1488|27): 1 output port was not connected:
ncelab: (/usr/cad/CBDK/CBDK018_UMC_Faraday_v1.0/orig_lib/fsa0m_a/2009Q2v2.0/GENERIC_CORE/FrontEnd/verilog/fsa0m_a_generic_core_21.lib,5021): QB

  DFCRBN \pc_fromID_reg[25]  ( .D(pc_fromIF[25]), .RB(n108), .CK(clk), .Q(
                           |
ncelab: *W,CUVWSP (../syn/top_syn.v,1490|27): 1 output port was not connected:
ncelab: (/usr/cad/CBDK/CBDK018_UMC_Faraday_v1.0/orig_lib/fsa0m_a/2009Q2v2.0/GENERIC_CORE/FrontEnd/verilog/fsa0m_a_generic_core_21.lib,5021): QB

  DFCRBN \pc_fromID_reg[24]  ( .D(pc_fromIF[24]), .RB(n108), .CK(clk), .Q(
                           |
ncelab: *W,CUVWSP (../syn/top_syn.v,1492|27): 1 output port was not connected:
ncelab: (/usr/cad/CBDK/CBDK018_UMC_Faraday_v1.0/orig_lib/fsa0m_a/2009Q2v2.0/GENERIC_CORE/FrontEnd/verilog/fsa0m_a_generic_core_21.lib,5021): QB

  DFCRBN \pc_fromID_reg[23]  ( .D(pc_fromIF[23]), .RB(n108), .CK(clk), .Q(
                           |
ncelab: *W,CUVWSP (../syn/top_syn.v,1494|27): 1 output port was not connected:
ncelab: (/usr/cad/CBDK/CBDK018_UMC_Faraday_v1.0/orig_lib/fsa0m_a/2009Q2v2.0/GENERIC_CORE/FrontEnd/verilog/fsa0m_a_generic_core_21.lib,5021): QB

  DFCRBN \pc_fromID_reg[22]  ( .D(pc_fromIF[22]), .RB(n108), .CK(clk), .Q(
                           |
ncelab: *W,CUVWSP (../syn/top_syn.v,1496|27): 1 output port was not connected:
ncelab: (/usr/cad/CBDK/CBDK018_UMC_Faraday_v1.0/orig_lib/fsa0m_a/2009Q2v2.0/GENERIC_CORE/FrontEnd/verilog/fsa0m_a_generic_core_21.lib,5021): QB

  DFCRBN \pc_fromID_reg[21]  ( .D(pc_fromIF[21]), .RB(n108), .CK(clk), .Q(
                           |
ncelab: *W,CUVWSP (../syn/top_syn.v,1498|27): 1 output port was not connected:
ncelab: (/usr/cad/CBDK/CBDK018_UMC_Faraday_v1.0/orig_lib/fsa0m_a/2009Q2v2.0/GENERIC_CORE/FrontEnd/verilog/fsa0m_a_generic_core_21.lib,5021): QB

  DFCRBN \pc_fromID_reg[20]  ( .D(pc_fromIF[20]), .RB(n108), .CK(clk), .Q(
                           |
ncelab: *W,CUVWSP (../syn/top_syn.v,1500|27): 1 output port was not connected:
ncelab: (/usr/cad/CBDK/CBDK018_UMC_Faraday_v1.0/orig_lib/fsa0m_a/2009Q2v2.0/GENERIC_CORE/FrontEnd/verilog/fsa0m_a_generic_core_21.lib,5021): QB

  DFCRBN \pc_fromID_reg[19]  ( .D(pc_fromIF[19]), .RB(n108), .CK(clk), .Q(
                           |
ncelab: *W,CUVWSP (../syn/top_syn.v,1502|27): 1 output port was not connected:
ncelab: (/usr/cad/CBDK/CBDK018_UMC_Faraday_v1.0/orig_lib/fsa0m_a/2009Q2v2.0/GENERIC_CORE/FrontEnd/verilog/fsa0m_a_generic_core_21.lib,5021): QB

  DFCRBN \pc_fromID_reg[18]  ( .D(pc_fromIF[18]), .RB(n108), .CK(clk), .Q(
                           |
ncelab: *W,CUVWSP (../syn/top_syn.v,1504|27): 1 output port was not connected:
ncelab: (/usr/cad/CBDK/CBDK018_UMC_Faraday_v1.0/orig_lib/fsa0m_a/2009Q2v2.0/GENERIC_CORE/FrontEnd/verilog/fsa0m_a_generic_core_21.lib,5021): QB

  DFCRBN \pc_fromID_reg[17]  ( .D(pc_fromIF[17]), .RB(n108), .CK(clk), .Q(
                           |
ncelab: *W,CUVWSP (../syn/top_syn.v,1506|27): 1 output port was not connected:
ncelab: (/usr/cad/CBDK/CBDK018_UMC_Faraday_v1.0/orig_lib/fsa0m_a/2009Q2v2.0/GENERIC_CORE/FrontEnd/verilog/fsa0m_a_generic_core_21.lib,5021): QB

  DFCRBN \pc_fromID_reg[16]  ( .D(pc_fromIF[16]), .RB(n108), .CK(clk), .Q(
                           |
ncelab: *W,CUVWSP (../syn/top_syn.v,1508|27): 1 output port was not connected:
ncelab: (/usr/cad/CBDK/CBDK018_UMC_Faraday_v1.0/orig_lib/fsa0m_a/2009Q2v2.0/GENERIC_CORE/FrontEnd/verilog/fsa0m_a_generic_core_21.lib,5021): QB

  DFCRBN \pc_fromID_reg[15]  ( .D(pc_fromIF[15]), .RB(n108), .CK(clk), .Q(
                           |
ncelab: *W,CUVWSP (../syn/top_syn.v,1510|27): 1 output port was not connected:
ncelab: (/usr/cad/CBDK/CBDK018_UMC_Faraday_v1.0/orig_lib/fsa0m_a/2009Q2v2.0/GENERIC_CORE/FrontEnd/verilog/fsa0m_a_generic_core_21.lib,5021): QB

  DFCRBN \pc_fromID_reg[14]  ( .D(pc_fromIF[14]), .RB(n109), .CK(clk), .Q(
                           |
ncelab: *W,CUVWSP (../syn/top_syn.v,1512|27): 1 output port was not connected:
ncelab: (/usr/cad/CBDK/CBDK018_UMC_Faraday_v1.0/orig_lib/fsa0m_a/2009Q2v2.0/GENERIC_CORE/FrontEnd/verilog/fsa0m_a_generic_core_21.lib,5021): QB

  DFCRBN \pc_fromID_reg[13]  ( .D(pc_fromIF[13]), .RB(n109), .CK(clk), .Q(
                           |
ncelab: *W,CUVWSP (../syn/top_syn.v,1514|27): 1 output port was not connected:
ncelab: (/usr/cad/CBDK/CBDK018_UMC_Faraday_v1.0/orig_lib/fsa0m_a/2009Q2v2.0/GENERIC_CORE/FrontEnd/verilog/fsa0m_a_generic_core_21.lib,5021): QB

  DFCRBN \pc_fromID_reg[12]  ( .D(pc_fromIF[12]), .RB(n109), .CK(clk), .Q(
                           |
ncelab: *W,CUVWSP (../syn/top_syn.v,1516|27): 1 output port was not connected:
ncelab: (/usr/cad/CBDK/CBDK018_UMC_Faraday_v1.0/orig_lib/fsa0m_a/2009Q2v2.0/GENERIC_CORE/FrontEnd/verilog/fsa0m_a_generic_core_21.lib,5021): QB

  DFCRBN \pc_fromID_reg[11]  ( .D(pc_fromIF[11]), .RB(n108), .CK(clk), .Q(
                           |
ncelab: *W,CUVWSP (../syn/top_syn.v,1518|27): 1 output port was not connected:
ncelab: (/usr/cad/CBDK/CBDK018_UMC_Faraday_v1.0/orig_lib/fsa0m_a/2009Q2v2.0/GENERIC_CORE/FrontEnd/verilog/fsa0m_a_generic_core_21.lib,5021): QB

  DFCRBN \pc_fromID_reg[10]  ( .D(pc_fromIF[10]), .RB(n108), .CK(clk), .Q(
                           |
ncelab: *W,CUVWSP (../syn/top_syn.v,1520|27): 1 output port was not connected:
ncelab: (/usr/cad/CBDK/CBDK018_UMC_Faraday_v1.0/orig_lib/fsa0m_a/2009Q2v2.0/GENERIC_CORE/FrontEnd/verilog/fsa0m_a_generic_core_21.lib,5021): QB

  DFCRBN \pc_fromID_reg[9]  ( .D(pc_fromIF[9]), .RB(n108), .CK(clk), .Q(
                          |
ncelab: *W,CUVWSP (../syn/top_syn.v,1522|26): 1 output port was not connected:
ncelab: (/usr/cad/CBDK/CBDK018_UMC_Faraday_v1.0/orig_lib/fsa0m_a/2009Q2v2.0/GENERIC_CORE/FrontEnd/verilog/fsa0m_a_generic_core_21.lib,5021): QB

  DFCRBN \pc_fromID_reg[8]  ( .D(pc_fromIF[8]), .RB(n108), .CK(clk), .Q(
                          |
ncelab: *W,CUVWSP (../syn/top_syn.v,1524|26): 1 output port was not connected:
ncelab: (/usr/cad/CBDK/CBDK018_UMC_Faraday_v1.0/orig_lib/fsa0m_a/2009Q2v2.0/GENERIC_CORE/FrontEnd/verilog/fsa0m_a_generic_core_21.lib,5021): QB

  DFCRBN \pc_fromID_reg[7]  ( .D(pc_fromIF[7]), .RB(n108), .CK(clk), .Q(
                          |
ncelab: *W,CUVWSP (../syn/top_syn.v,1526|26): 1 output port was not connected:
ncelab: (/usr/cad/CBDK/CBDK018_UMC_Faraday_v1.0/orig_lib/fsa0m_a/2009Q2v2.0/GENERIC_CORE/FrontEnd/verilog/fsa0m_a_generic_core_21.lib,5021): QB

  DFCRBN \pc_fromID_reg[6]  ( .D(pc_fromIF[6]), .RB(n108), .CK(clk), .Q(
                          |
ncelab: *W,CUVWSP (../syn/top_syn.v,1528|26): 1 output port was not connected:
ncelab: (/usr/cad/CBDK/CBDK018_UMC_Faraday_v1.0/orig_lib/fsa0m_a/2009Q2v2.0/GENERIC_CORE/FrontEnd/verilog/fsa0m_a_generic_core_21.lib,5021): QB

  DFCRBN \pc_fromID_reg[5]  ( .D(pc_fromIF[5]), .RB(n109), .CK(clk), .Q(
                          |
ncelab: *W,CUVWSP (../syn/top_syn.v,1530|26): 1 output port was not connected:
ncelab: (/usr/cad/CBDK/CBDK018_UMC_Faraday_v1.0/orig_lib/fsa0m_a/2009Q2v2.0/GENERIC_CORE/FrontEnd/verilog/fsa0m_a_generic_core_21.lib,5021): QB

  DFCRBN \pc_fromID_reg[4]  ( .D(pc_fromIF[4]), .RB(n108), .CK(clk), .Q(
                          |
ncelab: *W,CUVWSP (../syn/top_syn.v,1532|26): 1 output port was not connected:
ncelab: (/usr/cad/CBDK/CBDK018_UMC_Faraday_v1.0/orig_lib/fsa0m_a/2009Q2v2.0/GENERIC_CORE/FrontEnd/verilog/fsa0m_a_generic_core_21.lib,5021): QB

  DFCRBN \pc_fromID_reg[3]  ( .D(pc_fromIF[3]), .RB(n108), .CK(clk), .Q(
                          |
ncelab: *W,CUVWSP (../syn/top_syn.v,1534|26): 1 output port was not connected:
ncelab: (/usr/cad/CBDK/CBDK018_UMC_Faraday_v1.0/orig_lib/fsa0m_a/2009Q2v2.0/GENERIC_CORE/FrontEnd/verilog/fsa0m_a_generic_core_21.lib,5021): QB

  DFCRBN \pc_fromID_reg[2]  ( .D(pc_fromIF[2]), .RB(n109), .CK(clk), .Q(
                          |
ncelab: *W,CUVWSP (../syn/top_syn.v,1536|26): 1 output port was not connected:
ncelab: (/usr/cad/CBDK/CBDK018_UMC_Faraday_v1.0/orig_lib/fsa0m_a/2009Q2v2.0/GENERIC_CORE/FrontEnd/verilog/fsa0m_a_generic_core_21.lib,5021): QB

  DFCRBN \pc_fromID_reg[1]  ( .D(pc_fromIF[1]), .RB(n108), .CK(clk), .Q(
                          |
ncelab: *W,CUVWSP (../syn/top_syn.v,1538|26): 1 output port was not connected:
ncelab: (/usr/cad/CBDK/CBDK018_UMC_Faraday_v1.0/orig_lib/fsa0m_a/2009Q2v2.0/GENERIC_CORE/FrontEnd/verilog/fsa0m_a_generic_core_21.lib,5021): QB

  DFCRBN \pc_fromID_reg[0]  ( .D(pc_fromIF[0]), .RB(n108), .CK(clk), .Q(
                          |
ncelab: *W,CUVWSP (../syn/top_syn.v,1540|26): 1 output port was not connected:
ncelab: (/usr/cad/CBDK/CBDK018_UMC_Faraday_v1.0/orig_lib/fsa0m_a/2009Q2v2.0/GENERIC_CORE/FrontEnd/verilog/fsa0m_a_generic_core_21.lib,5021): QB

  stage_EX EX ( .clk(clk), .rst(n2), .mem_wr_fromID(mem_wr_fromID), 
            |
ncelab: *W,CUVWSP (../syn/top_syn.v,10810|12): 1 output port was not connected:
ncelab: (../syn/top_syn.v,8753): rs2_final

  DFCRBN \funct3_fromEX_reg[2]  ( .D(n178), .RB(funct3_fromID[2]), .CK(clk), 
                              |
ncelab: *W,CUVWSP (../syn/top_syn.v,8919|30): 1 output port was not connected:
ncelab: (/usr/cad/CBDK/CBDK018_UMC_Faraday_v1.0/orig_lib/fsa0m_a/2009Q2v2.0/GENERIC_CORE/FrontEnd/verilog/fsa0m_a_generic_core_21.lib,5021): QB

  DFCRBN \funct3_fromEX_reg[1]  ( .D(n178), .RB(funct3_fromID[1]), .CK(clk), 
                              |
ncelab: *W,CUVWSP (../syn/top_syn.v,8921|30): 1 output port was not connected:
ncelab: (/usr/cad/CBDK/CBDK018_UMC_Faraday_v1.0/orig_lib/fsa0m_a/2009Q2v2.0/GENERIC_CORE/FrontEnd/verilog/fsa0m_a_generic_core_21.lib,5021): QB

  DFCRBN \funct3_fromEX_reg[0]  ( .D(n178), .RB(funct3_fromID[0]), .CK(clk), 
                              |
ncelab: *W,CUVWSP (../syn/top_syn.v,8923|30): 1 output port was not connected:
ncelab: (/usr/cad/CBDK/CBDK018_UMC_Faraday_v1.0/orig_lib/fsa0m_a/2009Q2v2.0/GENERIC_CORE/FrontEnd/verilog/fsa0m_a_generic_core_21.lib,5021): QB

  DFCRBN \rs2_idx_fromEX_reg[4]  ( .D(rs2_idx_fromID[4]), .RB(n178), .CK(clk), 
                               |
ncelab: *W,CUVWSP (../syn/top_syn.v,8925|31): 1 output port was not connected:
ncelab: (/usr/cad/CBDK/CBDK018_UMC_Faraday_v1.0/orig_lib/fsa0m_a/2009Q2v2.0/GENERIC_CORE/FrontEnd/verilog/fsa0m_a_generic_core_21.lib,5021): QB

  DFCRBN \rs2_idx_fromEX_reg[3]  ( .D(rs2_idx_fromID[3]), .RB(n178), .CK(clk), 
                               |
ncelab: *W,CUVWSP (../syn/top_syn.v,8927|31): 1 output port was not connected:
ncelab: (/usr/cad/CBDK/CBDK018_UMC_Faraday_v1.0/orig_lib/fsa0m_a/2009Q2v2.0/GENERIC_CORE/FrontEnd/verilog/fsa0m_a_generic_core_21.lib,5021): QB

  DFCRBN \rs2_idx_fromEX_reg[2]  ( .D(rs2_idx_fromID[2]), .RB(n178), .CK(clk), 
                               |
ncelab: *W,CUVWSP (../syn/top_syn.v,8929|31): 1 output port was not connected:
ncelab: (/usr/cad/CBDK/CBDK018_UMC_Faraday_v1.0/orig_lib/fsa0m_a/2009Q2v2.0/GENERIC_CORE/FrontEnd/verilog/fsa0m_a_generic_core_21.lib,5021): QB

  DFCRBN \rs2_idx_fromEX_reg[1]  ( .D(rs2_idx_fromID[1]), .RB(n178), .CK(clk), 
                               |
ncelab: *W,CUVWSP (../syn/top_syn.v,8931|31): 1 output port was not connected:
ncelab: (/usr/cad/CBDK/CBDK018_UMC_Faraday_v1.0/orig_lib/fsa0m_a/2009Q2v2.0/GENERIC_CORE/FrontEnd/verilog/fsa0m_a_generic_core_21.lib,5021): QB

  DFCRBN \rs2_idx_fromEX_reg[0]  ( .D(rs2_idx_fromID[0]), .RB(n178), .CK(clk), 
                               |
ncelab: *W,CUVWSP (../syn/top_syn.v,8933|31): 1 output port was not connected:
ncelab: (/usr/cad/CBDK/CBDK018_UMC_Faraday_v1.0/orig_lib/fsa0m_a/2009Q2v2.0/GENERIC_CORE/FrontEnd/verilog/fsa0m_a_generic_core_21.lib,5021): QB

  DFCRBN mem_rd_fromEX_reg ( .D(mem_rd_fromID), .RB(n178), .CK(clk), .Q(
                         |
ncelab: *W,CUVWSP (../syn/top_syn.v,8935|25): 1 output port was not connected:
ncelab: (/usr/cad/CBDK/CBDK018_UMC_Faraday_v1.0/orig_lib/fsa0m_a/2009Q2v2.0/GENERIC_CORE/FrontEnd/verilog/fsa0m_a_generic_core_21.lib,5021): QB

  DFCRBN rd_src_fromEX_reg ( .D(n178), .RB(n163), .CK(clk), .Q(rd_src_fromEX)
                         |
ncelab: *W,CUVWSP (../syn/top_syn.v,8937|25): 1 output port was not connected:
ncelab: (/usr/cad/CBDK/CBDK018_UMC_Faraday_v1.0/orig_lib/fsa0m_a/2009Q2v2.0/GENERIC_CORE/FrontEnd/verilog/fsa0m_a_generic_core_21.lib,5021): QB

  DFCRBN \rd_idx_fromEX_reg[4]  ( .D(rd_idx_fromID[4]), .RB(n178), .CK(clk), 
                              |
ncelab: *W,CUVWSP (../syn/top_syn.v,8939|30): 1 output port was not connected:
ncelab: (/usr/cad/CBDK/CBDK018_UMC_Faraday_v1.0/orig_lib/fsa0m_a/2009Q2v2.0/GENERIC_CORE/FrontEnd/verilog/fsa0m_a_generic_core_21.lib,5021): QB

  DFCRBN \rd_idx_fromEX_reg[3]  ( .D(rd_idx_fromID[3]), .RB(n178), .CK(clk), 
                              |
ncelab: *W,CUVWSP (../syn/top_syn.v,8941|30): 1 output port was not connected:
ncelab: (/usr/cad/CBDK/CBDK018_UMC_Faraday_v1.0/orig_lib/fsa0m_a/2009Q2v2.0/GENERIC_CORE/FrontEnd/verilog/fsa0m_a_generic_core_21.lib,5021): QB

  DFCRBN \rd_idx_fromEX_reg[2]  ( .D(rd_idx_fromID[2]), .RB(n178), .CK(clk), 
                              |
ncelab: *W,CUVWSP (../syn/top_syn.v,8943|30): 1 output port was not connected:
ncelab: (/usr/cad/CBDK/CBDK018_UMC_Faraday_v1.0/orig_lib/fsa0m_a/2009Q2v2.0/GENERIC_CORE/FrontEnd/verilog/fsa0m_a_generic_core_21.lib,5021): QB

  DFCRBN \rd_idx_fromEX_reg[1]  ( .D(rd_idx_fromID[1]), .RB(n178), .CK(clk), 
                              |
ncelab: *W,CUVWSP (../syn/top_syn.v,8945|30): 1 output port was not connected:
ncelab: (/usr/cad/CBDK/CBDK018_UMC_Faraday_v1.0/orig_lib/fsa0m_a/2009Q2v2.0/GENERIC_CORE/FrontEnd/verilog/fsa0m_a_generic_core_21.lib,5021): QB

  DFCRBN \rd_idx_fromEX_reg[0]  ( .D(rd_idx_fromID[0]), .RB(n178), .CK(clk), 
                              |
ncelab: *W,CUVWSP (../syn/top_syn.v,8947|30): 1 output port was not connected:
ncelab: (/usr/cad/CBDK/CBDK018_UMC_Faraday_v1.0/orig_lib/fsa0m_a/2009Q2v2.0/GENERIC_CORE/FrontEnd/verilog/fsa0m_a_generic_core_21.lib,5021): QB

  stage_EX_DW_cmp_0 lt_65 ( .A(rs1_final), .B(rs2_final), .TC(n6), .GE_LT(n6), 
                        |
ncelab: *W,CUVWSP (../syn/top_syn.v,8956|24): 1 output port was not connected:
ncelab: (../syn/top_syn.v,7835): EQ_NE

  stage_EX_DW_cmp_1 lt_36 ( .A({n1023, n1001, n1003, n1002, n1000, n1005, 
                        |
ncelab: *W,CUVWSP (../syn/top_syn.v,8958|24): 1 output port was not connected:
ncelab: (../syn/top_syn.v,7971): EQ_NE

  stage_EX_DW_cmp_2 lt_34 ( .A({n1023, n1001, n1003, n1002, n1000, n1005, 
                        |
ncelab: *W,CUVWSP (../syn/top_syn.v,8964|24): 1 output port was not connected:
ncelab: (../syn/top_syn.v,8109): EQ_NE

  stage_EX_DW01_sub_1 sub_28 ( .A({n1023, n1001, n1003, n1002, n1000, n1005, 
                           |
ncelab: *W,CUVWSP (../syn/top_syn.v,8969|27): 1 output port was not connected:
ncelab: (../syn/top_syn.v,8247): CO

  stage_EX_DW01_add_1 add_26 ( .A({n1023, n1001, n1003, n1002, n1000, n1005, 
                           |
ncelab: *W,CUVWSP (../syn/top_syn.v,8977|27): 1 output port was not connected:
ncelab: (../syn/top_syn.v,8518): CO

	Top level design units:
		AN2B1P
		AN3B1P
		AN3B1S
		AN3B1T
		AN3B2P
		AN3B2T
		AN3P
		AN3T
		AN4
		AN4B1P
		AN4B1T
		AN4P
		AN4T
		ANTENNA
		AO112P
		AO112S
		AO112T
		AO12P
		AO12T
		AO13
		AO13P
		AO13T
		AO222T
		AO22P
		AO22T
		AOI112H
		AOI112HS
		AOI112HT
		AOI12HP
		AOI12HT
		AOI13HP
		AOI13HT
		AOI222H
		AOI222HP
		AOI22HP
		BHD1
		BUF8
		BUFB1
		BUFB2
		BUFB3
		BUFT1
		BUFT2
		BUFT3
		BUFT4
		CMPE4
		CMPE4S
		DBFRBN
		DBFRSBN
		DBHRBN
		DBHRBS
		DBZRBN
		DBZRSBN
		DELA
		DELB
		DELC
		DFCLRBN
		DFFP
		DFFRBN
		DFFRBP
		DFFRBS
		DFFRBT
		DFFRSBN
		DFFS
		DFFSBN
		DFTRBN
		DFTRBS
		DFZCLRBN
		DFZCRBN
		DFZN
		DFZP
		DFZRBN
		DFZRBP
		DFZRBS
		DFZRBT
		DFZRSBN
		DFZS
		DFZSBN
		DFZTRBN
		DFZTRBS
		DLHN
		DLHP
		DLHRBN
		DLHRBP
		DLHRBS
		DLHS
		FA1
		FA1P
		FA1S
		FA1T
		FA2
		FA2P
		FA2S
		FA3
		FA3P
		FA3S
		FACS1
		FACS1P
		FACS1S
		FACS2
		FACS2P
		FACS2S
		GCKETF
		GCKETN
		GCKETP
		GCKETT
		HA1P
		HA1S
		HA1T
		HA2
		HA2P
		HA2T
		HA3
		HA3P
		HA3T
		INV1CK
		INVT1
		INVT2
		INVT4
		JKFN
		JKFRBN
		JKFRBP
		JKZN
		JKZRBN
		JKZRBP
		MAO222
		MAO222P
		MAO222S
		MAO222T
		MAOI1HP
		MULBE
		MULBEP
		MULBET
		MULPA
		MULPAP
		MULPAT
		MUX2F
		MUX3
		MUX3P
		MUX3S
		MUX3T
		MUX4
		MUX4P
		MUX4S
		MUX4T
		MUXB2P
		MUXB2T
		MUXB4
		MUXB4P
		MUXB4S
		MUXB4T
		MXL2HF
		MXL2HT
		MXL3
		MXL3P
		MXL3S
		MXL3T
		ND4
		ND4P
		ND4S
		NR4S
		NR4T
		OA112P
		OA112T
		OA12T
		OA13P
		OA13T
		OA222P
		OA222T
		OA22T
		OAI112H
		OAI112HP
		OAI12HT
		OAI13H
		OAI13HP
		OAI13HS
		OAI13HT
		OAI222HP
		OAI222HT
		OAI22HP
		OAI22HT
		OR2B1P
		OR3B1P
		OR3B1S
		OR3B1T
		OR3P
		OR3S
		OR3T
		PDI
		PDIX
		PUI
		QDBHN
		QDBHS
		QDFFRBN
		QDFFRBP
		QDFFRBS
		QDFFRBT
		QDFFRSBN
		QDFZN
		QDFZP
		QDFZRBN
		QDFZRBP
		QDFZRBS
		QDFZRBT
		QDFZRSBN
		QDFZS
		QDLHN
		QDLHP
		QDLHRBN
		QDLHRBP
		QDLHRBS
		QDLHS
		QDLHSN
		RAM2
		RAM2S
		RAM3
		RAM3S
		RAM5
		RAM5S
		XNR2H
		XNR2HT
		XNR3
		XNR3P
		XNR3S
		XNR3T
		XNR4
		XNR4P
		XNR4S
		XNR4T
		XOR2H
		XOR2HP
		XOR2HT
		XOR3
		XOR3P
		XOR3S
		XOR3T
		XOR4
		XOR4P
		XOR4S
		XOR4T
		dffsb_pri
		pulldown_IO
		pullup2_down_IO
		pullup_IO
		pullup_down_IO
		pullup_down_IO_IEO
		pullup_down_IO_PSCN
		pullup_down_ene_IO
		pullup_down_keep_IO
		pullup_down_keep_IO_03us
		pullup_down_keep_IO_IE
		pullup_down_keep_IO_IG
		pullup_inv_IO
		top_tb
ncelab: *W,DSEMEL: This SystemVerilog design will be simulated as per IEEE 1800-2009 SystemVerilog simulation semantics. Use -disable_sem2009 option for turning off SV 2009 simulation semantics.
	Reading SDF file from location "/home/user2/vsd21/vsd2102/VSD_hw/hw1/H24071037/./syn/top_syn.sdf"
	Compiled SDF file "top_syn.sdf.X" older than source SDF file "/home/user2/vsd21/vsd2102/VSD_hw/hw1/H24071037/./syn/top_syn.sdf".
	Recompiling.
	Writing compiled SDF file to "top_syn.sdf.X".
	Annotating SDF timing data:
		Compiled SDF file:     top_syn.sdf.X
		Log file:              
		Backannotation scope:  top_tb.TOP
		Configuration file:    
		MTM control:           
		Scale factors:         
		Scale type:            
	Annotation completed successfully...
	SDF statistics: No. of Pathdelays = 60579  Annotated = 93.62% -- No. of Tchecks = 6650  Annotated = 90.62% 
				        Total 	   Annotated	  Percentage
		 Path Delays	       60579	       56715	       93.62
		       $hold	          49	           0	        0.00
		     $period	           2	           0	        0.00
		      $width	        3026	        2852	       94.25
		   $recovery	          49	           0	        0.00
		  $setuphold	        3524	        3174	       90.07
  assign rs2_idx_fromIF[0] = N34;
       |
ncelab: *W,SDFNCAP (../syn/top_syn.v,1375|7): The interconnect source top_tb.TOP.IF.U49.O is separated by a unidirectional continuous assign from the destination top_tb.TOP.HZ.U30.I2.  The port annotation will still occur.
  assign rs2_idx_fromIF[3] = N37;
       |
ncelab: *W,SDFNCAP (../syn/top_syn.v,1381|7): The interconnect source top_tb.TOP.IF.U39.O is separated by a unidirectional continuous assign from the destination top_tb.TOP.HZ.U29.I2.  The port annotation will still occur.
  assign rs2_idx_fromIF[2] = N36;
       |
ncelab: *W,SDFNCAP (../syn/top_syn.v,1379|7): The interconnect source top_tb.TOP.IF.U61.O is separated by a unidirectional continuous assign from the destination top_tb.TOP.HZ.U28.I2.  The port annotation will still occur.
  assign rs2_idx_fromIF[1] = N35;
       |
ncelab: *W,SDFNCAP (../syn/top_syn.v,1377|7): The interconnect source top_tb.TOP.IF.U11.O is separated by a unidirectional continuous assign from the destination top_tb.TOP.HZ.U27.I2.  The port annotation will still occur.
  assign rs2_idx_fromIF[4] = N38;
       |
ncelab: *W,SDFNCAP (../syn/top_syn.v,1383|7): The interconnect source top_tb.TOP.IF.U41.O is separated by a unidirectional continuous assign from the destination top_tb.TOP.HZ.U18.I2.  The port annotation will still occur.
  assign N34 = instr[20];
       |
ncelab: *W,SDFNCAP (../syn/top_syn.v,1374|7): The interconnect source top_tb.TOP.IF.U49.O is separated by a unidirectional continuous assign from the destination top_tb.TOP.ID.\rs2_idx_fromID_reg[0] .D.  The port annotation will still occur.
  assign N35 = instr[21];
       |
ncelab: *W,SDFNCAP (../syn/top_syn.v,1376|7): The interconnect source top_tb.TOP.IF.U11.O is separated by a unidirectional continuous assign from the destination top_tb.TOP.ID.\rs2_idx_fromID_reg[1] .D.  The port annotation will still occur.
  assign N36 = instr[22];
       |
ncelab: *W,SDFNCAP (../syn/top_syn.v,1378|7): The interconnect source top_tb.TOP.IF.U61.O is separated by a unidirectional continuous assign from the destination top_tb.TOP.ID.\rs2_idx_fromID_reg[2] .D.  The port annotation will still occur.
  assign N37 = instr[23];
       |
ncelab: *W,SDFNCAP (../syn/top_syn.v,1380|7): The interconnect source top_tb.TOP.IF.U39.O is separated by a unidirectional continuous assign from the destination top_tb.TOP.ID.\rs2_idx_fromID_reg[3] .D.  The port annotation will still occur.
  assign N38 = instr[24];
       |
ncelab: *W,SDFNCAP (../syn/top_syn.v,1382|7): The interconnect source top_tb.TOP.IF.U41.O is separated by a unidirectional continuous assign from the destination top_tb.TOP.ID.\rs2_idx_fromID_reg[4] .D.  The port annotation will still occur.
  assign wb_idx[2] = rd_idx_fromEX[2];
       |
ncelab: *W,SDFNCAP (../syn/top_syn.v,10442|7): The interconnect source top_tb.TOP.EX.\rd_idx_fromEX_reg[2] .Q is separated by a unidirectional continuous assign from the destination top_tb.TOP.ID.U3195.I1.  The port annotation will still occur.
  assign wb_idx[4] = rd_idx_fromEX[4];
       |
ncelab: *W,SDFNCAP (../syn/top_syn.v,10440|7): The interconnect source top_tb.TOP.EX.\rd_idx_fromEX_reg[4] .Q is separated by a unidirectional continuous assign from the destination top_tb.TOP.ID.U3195.I2.  The port annotation will still occur.
  assign wb_idx[3] = rd_idx_fromEX[3];
       |
ncelab: *W,SDFNCAP (../syn/top_syn.v,10441|7): The interconnect source top_tb.TOP.EX.\rd_idx_fromEX_reg[3] .Q is separated by a unidirectional continuous assign from the destination top_tb.TOP.ID.U3195.I3.  The port annotation will still occur.
  assign wb_idx[1] = rd_idx_fromEX[1];
       |
ncelab: *W,SDFNCAP (../syn/top_syn.v,10443|7): The interconnect source top_tb.TOP.EX.\rd_idx_fromEX_reg[1] .Q is separated by a unidirectional continuous assign from the destination top_tb.TOP.ID.U3194.I1.  The port annotation will still occur.
  assign wb_idx[0] = rd_idx_fromEX[0];
       |
ncelab: *W,SDFNCAP (../syn/top_syn.v,10444|7): The interconnect source top_tb.TOP.EX.\rd_idx_fromEX_reg[0] .Q is separated by a unidirectional continuous assign from the destination top_tb.TOP.ID.U3194.I2.  The port annotation will still occur.
  assign N37 = instr[23];
       |
ncelab: *W,SDFNCAP (../syn/top_syn.v,1380|7): The interconnect source top_tb.TOP.IF.U39.O is separated by a unidirectional continuous assign from the destination top_tb.TOP.ID.U1030.I.  The port annotation will still occur.
  assign N36 = instr[22];
       |
ncelab: *W,SDFNCAP (../syn/top_syn.v,1378|7): The interconnect source top_tb.TOP.IF.U61.O is separated by a unidirectional continuous assign from the destination top_tb.TOP.ID.U250.I.  The port annotation will still occur.
  assign N35 = instr[21];
       |
ncelab: *W,SDFNCAP (../syn/top_syn.v,1376|7): The interconnect source top_tb.TOP.IF.U11.O is separated by a unidirectional continuous assign from the destination top_tb.TOP.ID.U1028.I.  The port annotation will still occur.
  assign N34 = instr[20];
       |
ncelab: *W,SDFNCAP (../syn/top_syn.v,1374|7): The interconnect source top_tb.TOP.IF.U49.O is separated by a unidirectional continuous assign from the destination top_tb.TOP.ID.U882.I.  The port annotation will still occur.
  assign N35 = instr[21];
       |
ncelab: *W,SDFNCAP (../syn/top_syn.v,1376|7): The interconnect source top_tb.TOP.IF.U11.O is separated by a unidirectional continuous assign from the destination top_tb.TOP.ID.U311.I1.  The port annotation will still occur.
  assign N36 = instr[22];
       |
ncelab: *W,SDFNCAP (../syn/top_syn.v,1378|7): The interconnect source top_tb.TOP.IF.U61.O is separated by a unidirectional continuous assign from the destination top_tb.TOP.ID.U311.I2.  The port annotation will still occur.
  assign N36 = instr[22];
       |
ncelab: *W,SDFNCAP (../syn/top_syn.v,1378|7): The interconnect source top_tb.TOP.IF.U61.O is separated by a unidirectional continuous assign from the destination top_tb.TOP.ID.U296.I2.  The port annotation will still occur.
  assign N35 = instr[21];
       |
ncelab: *W,SDFNCAP (../syn/top_syn.v,1376|7): The interconnect source top_tb.TOP.IF.U11.O is separated by a unidirectional continuous assign from the destination top_tb.TOP.ID.U87.I2.  The port annotation will still occur.
  assign N34 = instr[20];
       |
ncelab: *W,SDFNCAP (../syn/top_syn.v,1374|7): The interconnect source top_tb.TOP.IF.U49.O is separated by a unidirectional continuous assign from the destination top_tb.TOP.ID.U132.I.  The port annotation will still occur.
  assign N38 = instr[24];
       |
ncelab: *W,SDFNCAP (../syn/top_syn.v,1382|7): The interconnect source top_tb.TOP.IF.U41.O is separated by a unidirectional continuous assign from the destination top_tb.TOP.ID.U2584.I2.  The port annotation will still occur.
  assign N34 = instr[20];
       |
ncelab: *W,SDFNCAP (../syn/top_syn.v,1374|7): The interconnect source top_tb.TOP.IF.U49.O is separated by a unidirectional continuous assign from the destination top_tb.TOP.ID.U2578.I2.  The port annotation will still occur.
  assign N34 = instr[20];
       |
ncelab: *W,SDFNCAP (../syn/top_syn.v,1374|7): The interconnect source top_tb.TOP.IF.U49.O is separated by a unidirectional continuous assign from the destination top_tb.TOP.ID.U2577.I2.  The port annotation will still occur.
  assign N34 = instr[20];
       |
ncelab: *W,SDFNCAP (../syn/top_syn.v,1374|7): The interconnect source top_tb.TOP.IF.U49.O is separated by a unidirectional continuous assign from the destination top_tb.TOP.ID.U2575.I1.  The port annotation will still occur.
  assign wb_idx[4] = rd_idx_fromEX[4];
       |
ncelab: *W,SDFNCAP (../syn/top_syn.v,10440|7): The interconnect source top_tb.TOP.EX.\rd_idx_fromEX_reg[4] .Q is separated by a unidirectional continuous assign from the destination top_tb.TOP.ID.U2142.I.  The port annotation will still occur.
  assign wb_idx[0] = rd_idx_fromEX[0];
       |
ncelab: *W,SDFNCAP (../syn/top_syn.v,10444|7): The interconnect source top_tb.TOP.EX.\rd_idx_fromEX_reg[0] .Q is separated by a unidirectional continuous assign from the destination top_tb.TOP.ID.U2132.I.  The port annotation will still occur.
  assign wb_idx[1] = rd_idx_fromEX[1];
       |
ncelab: *W,SDFNCAP (../syn/top_syn.v,10443|7): The interconnect source top_tb.TOP.EX.\rd_idx_fromEX_reg[1] .Q is separated by a unidirectional continuous assign from the destination top_tb.TOP.ID.U2141.I2.  The port annotation will still occur.
  assign wb_idx[2] = rd_idx_fromEX[2];
       |
ncelab: *W,SDFNCAP (../syn/top_syn.v,10442|7): The interconnect source top_tb.TOP.EX.\rd_idx_fromEX_reg[2] .Q is separated by a unidirectional continuous assign from the destination top_tb.TOP.ID.U2135.I.  The port annotation will still occur.
  assign wb_idx[1] = rd_idx_fromEX[1];
       |
ncelab: *W,SDFNCAP (../syn/top_syn.v,10443|7): The interconnect source top_tb.TOP.EX.\rd_idx_fromEX_reg[1] .Q is separated by a unidirectional continuous assign from the destination top_tb.TOP.ID.U2133.I.  The port annotation will still occur.
  assign wb_idx[0] = rd_idx_fromEX[0];
       |
ncelab: *W,SDFNCAP (../syn/top_syn.v,10444|7): The interconnect source top_tb.TOP.EX.\rd_idx_fromEX_reg[0] .Q is separated by a unidirectional continuous assign from the destination top_tb.TOP.ID.U2140.I2.  The port annotation will still occur.
  assign wb_idx[2] = rd_idx_fromEX[2];
       |
ncelab: *W,SDFNCAP (../syn/top_syn.v,10442|7): The interconnect source top_tb.TOP.EX.\rd_idx_fromEX_reg[2] .Q is separated by a unidirectional continuous assign from the destination top_tb.TOP.ID.U2139.I2.  The port annotation will still occur.
  assign wb_idx[1] = rd_idx_fromEX[1];
       |
ncelab: *W,SDFNCAP (../syn/top_syn.v,10443|7): The interconnect source top_tb.TOP.EX.\rd_idx_fromEX_reg[1] .Q is separated by a unidirectional continuous assign from the destination top_tb.TOP.ID.U2138.I1.  The port annotation will still occur.
  assign wb_idx[2] = rd_idx_fromEX[2];
       |
ncelab: *W,SDFNCAP (../syn/top_syn.v,10442|7): The interconnect source top_tb.TOP.EX.\rd_idx_fromEX_reg[2] .Q is separated by a unidirectional continuous assign from the destination top_tb.TOP.ID.U2138.I2.  The port annotation will still occur.
  assign wb_idx[0] = rd_idx_fromEX[0];
       |
ncelab: *W,SDFNCAP (../syn/top_syn.v,10444|7): The interconnect source top_tb.TOP.EX.\rd_idx_fromEX_reg[0] .Q is separated by a unidirectional continuous assign from the destination top_tb.TOP.ID.U2137.I1.  The port annotation will still occur.
  assign wb_idx[2] = rd_idx_fromEX[2];
       |
ncelab: *W,SDFNCAP (../syn/top_syn.v,10442|7): The interconnect source top_tb.TOP.EX.\rd_idx_fromEX_reg[2] .Q is separated by a unidirectional continuous assign from the destination top_tb.TOP.ID.U2137.I2.  The port annotation will still occur.
  assign wb_idx[0] = rd_idx_fromEX[0];
       |
ncelab: *W,SDFNCAP (../syn/top_syn.v,10444|7): The interconnect source top_tb.TOP.EX.\rd_idx_fromEX_reg[0] .Q is separated by a unidirectional continuous assign from the destination top_tb.TOP.ID.U2136.I1.  The port annotation will still occur.
  assign wb_idx[1] = rd_idx_fromEX[1];
       |
ncelab: *W,SDFNCAP (../syn/top_syn.v,10443|7): The interconnect source top_tb.TOP.EX.\rd_idx_fromEX_reg[1] .Q is separated by a unidirectional continuous assign from the destination top_tb.TOP.ID.U2136.I2.  The port annotation will still occur.
  assign wb_idx[1] = rd_idx_fromEX[1];
       |
ncelab: *W,SDFNCAP (../syn/top_syn.v,10443|7): The interconnect source top_tb.TOP.EX.\rd_idx_fromEX_reg[1] .Q is separated by a unidirectional continuous assign from the destination top_tb.TOP.ID.U2134.I1.  The port annotation will still occur.
  assign wb_idx[2] = rd_idx_fromEX[2];
       |
ncelab: *W,SDFNCAP (../syn/top_syn.v,10442|7): The interconnect source top_tb.TOP.EX.\rd_idx_fromEX_reg[2] .Q is separated by a unidirectional continuous assign from the destination top_tb.TOP.ID.U2134.I2.  The port annotation will still occur.
  assign wb_idx[0] = rd_idx_fromEX[0];
       |
ncelab: *W,SDFNCAP (../syn/top_syn.v,10444|7): The interconnect source top_tb.TOP.EX.\rd_idx_fromEX_reg[0] .Q is separated by a unidirectional continuous assign from the destination top_tb.TOP.ID.U2134.I3.  The port annotation will still occur.
  assign wb_idx[3] = rd_idx_fromEX[3];
       |
ncelab: *W,SDFNCAP (../syn/top_syn.v,10441|7): The interconnect source top_tb.TOP.EX.\rd_idx_fromEX_reg[3] .Q is separated by a unidirectional continuous assign from the destination top_tb.TOP.ID.U63.B1.  The port annotation will still occur.
  assign wb_idx[4] = rd_idx_fromEX[4];
       |
ncelab: *W,SDFNCAP (../syn/top_syn.v,10440|7): The interconnect source top_tb.TOP.EX.\rd_idx_fromEX_reg[4] .Q is separated by a unidirectional continuous assign from the destination top_tb.TOP.ID.U63.B2.  The port annotation will still occur.
  assign N38 = instr[24];
       |
ncelab: *W,SDFNCAP (../syn/top_syn.v,1382|7): The interconnect source top_tb.TOP.IF.U41.O is separated by a unidirectional continuous assign from the destination top_tb.TOP.ID.U818.I.  The port annotation will still occur.
  assign N37 = instr[23];
       |
ncelab: *W,SDFNCAP (../syn/top_syn.v,1380|7): The interconnect source top_tb.TOP.IF.U39.O is separated by a unidirectional continuous assign from the destination top_tb.TOP.ID.U800.I.  The port annotation will still occur.
  assign N37 = instr[23];
       |
ncelab: *W,SDFNCAP (../syn/top_syn.v,1380|7): The interconnect source top_tb.TOP.IF.U39.O is separated by a unidirectional continuous assign from the destination top_tb.TOP.ID.U799.I.  The port annotation will still occur.
  assign wb_idx[4] = rd_idx_fromEX[4];
       |
ncelab: *W,SDFNCAP (../syn/top_syn.v,10440|7): The interconnect source top_tb.TOP.EX.\rd_idx_fromEX_reg[4] .Q is separated by a unidirectional continuous assign from the destination top_tb.TOP.ID.U253.I2.  The port annotation will still occur.
  assign wb_idx[3] = rd_idx_fromEX[3];
       |
ncelab: *W,SDFNCAP (../syn/top_syn.v,10441|7): The interconnect source top_tb.TOP.EX.\rd_idx_fromEX_reg[3] .Q is separated by a unidirectional continuous assign from the destination top_tb.TOP.ID.U253.I3.  The port annotation will still occur.
  assign wb_idx[3] = rd_idx_fromEX[3];
       |
ncelab: *W,SDFNCAP (../syn/top_syn.v,10441|7): The interconnect source top_tb.TOP.EX.\rd_idx_fromEX_reg[3] .Q is separated by a unidirectional continuous assign from the destination top_tb.TOP.ID.U127.B1.  The port annotation will still occur.
  assign wb_idx[3] = rd_idx_fromEX[3];
       |
ncelab: *W,SDFNCAP (../syn/top_syn.v,10441|7): The interconnect source top_tb.TOP.EX.\rd_idx_fromEX_reg[3] .Q is separated by a unidirectional continuous assign from the destination top_tb.TOP.ID.U252.I3.  The port annotation will still occur.
  assign N34 = instr[20];
       |
ncelab: *W,SDFNCAP (../syn/top_syn.v,1374|7): The interconnect source top_tb.TOP.IF.U49.O is separated by a unidirectional continuous assign from the destination top_tb.TOP.ID.U377.I2.  The port annotation will still occur.
  assign N35 = instr[21];
       |
ncelab: *W,SDFNCAP (../syn/top_syn.v,1376|7): The interconnect source top_tb.TOP.IF.U11.O is separated by a unidirectional continuous assign from the destination top_tb.TOP.ID.U128.I.  The port annotation will still occur.
  assign N34 = instr[20];
       |
ncelab: *W,SDFNCAP (../syn/top_syn.v,1374|7): The interconnect source top_tb.TOP.IF.U49.O is separated by a unidirectional continuous assign from the destination top_tb.TOP.ID.U84.I1.  The port annotation will still occur.
  assign SUM[0] = \A[0] ;
       |
ncelab: *W,SDFNCAP (../syn/top_syn.v,46|7): The interconnect source top_tb.TOP.IF.\pc_reg[0] .Q is separated by a unidirectional continuous assign from the destination top_tb.TOP.IF.U294.I1.  The port annotation will still occur.
  assign SUM[1] = \A[1] ;
       |
ncelab: *W,SDFNCAP (../syn/top_syn.v,48|7): The interconnect source top_tb.TOP.IF.\pc_reg[1] .Q is separated by a unidirectional continuous assign from the destination top_tb.TOP.IF.U296.I1.  The port annotation will still occur.
  assign pc_res[11] = \mem_addr[9] ;
       |
ncelab: *W,SDFNCAP (../syn/top_syn.v,8898|7): The interconnect source top_tb.TOP.EX.U323.O is separated by a unidirectional continuous assign from the destination top_tb.TOP.IF.U377.B1.  The port annotation will still occur.
  assign pc_res[15] = \mem_addr[13] ;
       |
ncelab: *W,SDFNCAP (../syn/top_syn.v,8890|7): The interconnect source top_tb.TOP.EX.U311.O is separated by a unidirectional continuous assign from the destination top_tb.TOP.IF.U372.B1.  The port annotation will still occur.
  assign n29 = A[2];
       |
ncelab: *W,SDFNCAP (../syn/top_syn.v,44|7): The interconnect source top_tb.TOP.IF.\pc_reg[2] .Q is separated by a unidirectional continuous assign from the destination top_tb.TOP.IF.add_12.U37.I.  The port annotation will still occur.
  assign n29 = A[2];
       |
ncelab: *W,SDFNCAP (../syn/top_syn.v,44|7): The interconnect source top_tb.TOP.IF.\pc_reg[2] .Q is separated by a unidirectional continuous assign from the destination top_tb.TOP.IF.add_12.U29.B.  The port annotation will still occur.
  assign pc_res[14] = \mem_addr[12] ;
       |
ncelab: *W,SDFNCAP (../syn/top_syn.v,8892|7): The interconnect source top_tb.TOP.EX.U177.O is separated by a unidirectional continuous assign from the destination top_tb.TOP.IF.U224.I.  The port annotation will still occur.
  assign pc_res[13] = \mem_addr[11] ;
       |
ncelab: *W,SDFNCAP (../syn/top_syn.v,8894|7): The interconnect source top_tb.TOP.EX.U178.O is separated by a unidirectional continuous assign from the destination top_tb.TOP.IF.U225.I.  The port annotation will still occur.
  assign pc_res[2] = \mem_addr[0] ;
       |
ncelab: *W,SDFNCAP (../syn/top_syn.v,8916|7): The interconnect source top_tb.TOP.EX.U1109.O is separated by a unidirectional continuous assign from the destination top_tb.TOP.IF.U235.I.  The port annotation will still occur.
  assign pc_res[4] = \mem_addr[2] ;
       |
ncelab: *W,SDFNCAP (../syn/top_syn.v,8912|7): The interconnect source top_tb.TOP.EX.U115.O is separated by a unidirectional continuous assign from the destination top_tb.TOP.IF.U234.I.  The port annotation will still occur.
  assign pc_res[5] = \mem_addr[3] ;
       |
ncelab: *W,SDFNCAP (../syn/top_syn.v,8910|7): The interconnect source top_tb.TOP.EX.U212.O is separated by a unidirectional continuous assign from the destination top_tb.TOP.IF.U233.I.  The port annotation will still occur.
  assign pc_res[6] = \mem_addr[4] ;
       |
ncelab: *W,SDFNCAP (../syn/top_syn.v,8908|7): The interconnect source top_tb.TOP.EX.U114.O is separated by a unidirectional continuous assign from the destination top_tb.TOP.IF.U232.I.  The port annotation will still occur.
  assign pc_res[7] = \mem_addr[5] ;
       |
ncelab: *W,SDFNCAP (../syn/top_syn.v,8906|7): The interconnect source top_tb.TOP.EX.U1147.O is separated by a unidirectional continuous assign from the destination top_tb.TOP.IF.U231.I.  The port annotation will still occur.
  assign pc_res[8] = \mem_addr[6] ;
       |
ncelab: *W,SDFNCAP (../syn/top_syn.v,8904|7): The interconnect source top_tb.TOP.EX.U314.O is separated by a unidirectional continuous assign from the destination top_tb.TOP.IF.U230.I.  The port annotation will still occur.
  assign pc_res[9] = \mem_addr[7] ;
       |
ncelab: *W,SDFNCAP (../syn/top_syn.v,8902|7): The interconnect source top_tb.TOP.EX.U331.O is separated by a unidirectional continuous assign from the destination top_tb.TOP.IF.U229.I.  The port annotation will still occur.
  assign pc_res[3] = \mem_addr[1] ;
       |
ncelab: *W,SDFNCAP (../syn/top_syn.v,8914|7): The interconnect source top_tb.TOP.EX.U204.O is separated by a unidirectional continuous assign from the destination top_tb.TOP.IF.U228.I.  The port annotation will still occur.
  assign pc_res[12] = \mem_addr[10] ;
       |
ncelab: *W,SDFNCAP (../syn/top_syn.v,8896|7): The interconnect source top_tb.TOP.EX.U179.O is separated by a unidirectional continuous assign from the destination top_tb.TOP.IF.U226.I.  The port annotation will still occur.
  assign pc_res[10] = \mem_addr[8] ;
       |
ncelab: *W,SDFNCAP (../syn/top_syn.v,8900|7): The interconnect source top_tb.TOP.EX.U181.O is separated by a unidirectional continuous assign from the destination top_tb.TOP.IF.U223.I.  The port annotation will still occur.
  assign rs2_idx_fromIF[4] = N38;
       |
ncelab: *W,SDFNCAP (../syn/top_syn.v,1383|7): The interconnect source top_tb.TOP.IF.U41.O is separated by a unidirectional continuous assign from the destination top_tb.TOP.FW.U15.I1.  The port annotation will still occur.
  assign rs2_idx_fromIF[1] = N35;
       |
ncelab: *W,SDFNCAP (../syn/top_syn.v,1377|7): The interconnect source top_tb.TOP.IF.U11.O is separated by a unidirectional continuous assign from the destination top_tb.TOP.FW.U21.I1.  The port annotation will still occur.
  assign rs2_idx_fromIF[3] = N37;
       |
ncelab: *W,SDFNCAP (../syn/top_syn.v,1381|7): The interconnect source top_tb.TOP.IF.U39.O is separated by a unidirectional continuous assign from the destination top_tb.TOP.FW.U25.I2.  The port annotation will still occur.
  assign rs2_idx_fromIF[0] = N34;
       |
ncelab: *W,SDFNCAP (../syn/top_syn.v,1375|7): The interconnect source top_tb.TOP.IF.U49.O is separated by a unidirectional continuous assign from the destination top_tb.TOP.FW.U18.I1.  The port annotation will still occur.
  assign rs2_idx_fromIF[2] = N36;
       |
ncelab: *W,SDFNCAP (../syn/top_syn.v,1379|7): The interconnect source top_tb.TOP.IF.U61.O is separated by a unidirectional continuous assign from the destination top_tb.TOP.FW.U22.I1.  The port annotation will still occur.
  assign rs2_idx_fromIF[0] = N34;
       |
ncelab: *W,SDFNCAP (../syn/top_syn.v,1375|7): The interconnect source top_tb.TOP.IF.U49.O is separated by a unidirectional continuous assign from the destination top_tb.TOP.FW.U20.I1.  The port annotation will still occur.
  assign rs2_idx_fromIF[3] = N37;
       |
ncelab: *W,SDFNCAP (../syn/top_syn.v,1381|7): The interconnect source top_tb.TOP.IF.U39.O is separated by a unidirectional continuous assign from the destination top_tb.TOP.FW.U19.I2.  The port annotation will still occur.
  assign rs2_idx_fromIF[2] = N36;
       |
ncelab: *W,SDFNCAP (../syn/top_syn.v,1379|7): The interconnect source top_tb.TOP.IF.U61.O is separated by a unidirectional continuous assign from the destination top_tb.TOP.FW.U17.I2.  The port annotation will still occur.
  assign rs2_idx_fromIF[1] = N35;
       |
ncelab: *W,SDFNCAP (../syn/top_syn.v,1377|7): The interconnect source top_tb.TOP.IF.U11.O is separated by a unidirectional continuous assign from the destination top_tb.TOP.FW.U16.I2.  The port annotation will still occur.
  assign rs2_idx_fromIF[4] = N38;
       |
ncelab: *W,SDFNCAP (../syn/top_syn.v,1383|7): The interconnect source top_tb.TOP.IF.U41.O is separated by a unidirectional continuous assign from the destination top_tb.TOP.FW.U10.I1.  The port annotation will still occur.
  assign mem_addr[0] = \mem_addr[0] ;
       |
ncelab: *W,SDFNCAP (../syn/top_syn.v,8917|7): The interconnect source top_tb.TOP.EX.U1109.O is separated by a unidirectional continuous assign from the destination top_tb.TOP.DM1.i_SRAM.A0.  The port annotation will still occur.
  assign mem_addr[1] = \mem_addr[1] ;
       |
ncelab: *W,SDFNCAP (../syn/top_syn.v,8915|7): The interconnect source top_tb.TOP.EX.U204.O is separated by a unidirectional continuous assign from the destination top_tb.TOP.DM1.i_SRAM.A1.  The port annotation will still occur.
  assign mem_addr[10] = \mem_addr[10] ;
       |
ncelab: *W,SDFNCAP (../syn/top_syn.v,8897|7): The interconnect source top_tb.TOP.EX.U179.O is separated by a unidirectional continuous assign from the destination top_tb.TOP.DM1.i_SRAM.A10.  The port annotation will still occur.
  assign mem_addr[11] = \mem_addr[11] ;
       |
ncelab: *W,SDFNCAP (../syn/top_syn.v,8895|7): The interconnect source top_tb.TOP.EX.U178.O is separated by a unidirectional continuous assign from the destination top_tb.TOP.DM1.i_SRAM.A11.  The port annotation will still occur.
  assign mem_addr[12] = \mem_addr[12] ;
       |
ncelab: *W,SDFNCAP (../syn/top_syn.v,8893|7): The interconnect source top_tb.TOP.EX.U177.O is separated by a unidirectional continuous assign from the destination top_tb.TOP.DM1.i_SRAM.A12.  The port annotation will still occur.
  assign mem_addr[13] = \mem_addr[13] ;
       |
ncelab: *W,SDFNCAP (../syn/top_syn.v,8891|7): The interconnect source top_tb.TOP.EX.U311.O is separated by a unidirectional continuous assign from the destination top_tb.TOP.DM1.i_SRAM.A13.  The port annotation will still occur.
  assign mem_addr[2] = \mem_addr[2] ;
       |
ncelab: *W,SDFNCAP (../syn/top_syn.v,8913|7): The interconnect source top_tb.TOP.EX.U115.O is separated by a unidirectional continuous assign from the destination top_tb.TOP.DM1.i_SRAM.A2.  The port annotation will still occur.
  assign mem_addr[3] = \mem_addr[3] ;
       |
ncelab: *W,SDFNCAP (../syn/top_syn.v,8911|7): The interconnect source top_tb.TOP.EX.U212.O is separated by a unidirectional continuous assign from the destination top_tb.TOP.DM1.i_SRAM.A3.  The port annotation will still occur.
  assign mem_addr[4] = \mem_addr[4] ;
       |
ncelab: *W,SDFNCAP (../syn/top_syn.v,8909|7): The interconnect source top_tb.TOP.EX.U114.O is separated by a unidirectional continuous assign from the destination top_tb.TOP.DM1.i_SRAM.A4.  The port annotation will still occur.
  assign mem_addr[5] = \mem_addr[5] ;
       |
ncelab: *W,SDFNCAP (../syn/top_syn.v,8907|7): The interconnect source top_tb.TOP.EX.U1147.O is separated by a unidirectional continuous assign from the destination top_tb.TOP.DM1.i_SRAM.A5.  The port annotation will still occur.
  assign mem_addr[6] = \mem_addr[6] ;
       |
ncelab: *W,SDFNCAP (../syn/top_syn.v,8905|7): The interconnect source top_tb.TOP.EX.U314.O is separated by a unidirectional continuous assign from the destination top_tb.TOP.DM1.i_SRAM.A6.  The port annotation will still occur.
  assign mem_addr[7] = \mem_addr[7] ;
       |
ncelab: *W,SDFNCAP (../syn/top_syn.v,8903|7): The interconnect source top_tb.TOP.EX.U331.O is separated by a unidirectional continuous assign from the destination top_tb.TOP.DM1.i_SRAM.A7.  The port annotation will still occur.
  assign mem_addr[8] = \mem_addr[8] ;
       |
ncelab: *W,SDFNCAP (../syn/top_syn.v,8901|7): The interconnect source top_tb.TOP.EX.U181.O is separated by a unidirectional continuous assign from the destination top_tb.TOP.DM1.i_SRAM.A8.  The port annotation will still occur.
  assign mem_addr[9] = \mem_addr[9] ;
       |
ncelab: *W,SDFNCAP (../syn/top_syn.v,8899|7): The interconnect source top_tb.TOP.EX.U323.O is separated by a unidirectional continuous assign from the destination top_tb.TOP.DM1.i_SRAM.A9.  The port annotation will still occur.
    $readmemh({prog_path, "/main0.hex"}, TOP.IM1.i_SRAM.Memory_byte0);
                                                                   |
ncelab: *W,MEMODR (../sim/top_tb.sv,42|67): $readmem default memory order incompatible with IEEE1364.
    $readmemh({prog_path, "/main0.hex"}, TOP.DM1.i_SRAM.Memory_byte0); 
                                                                   |
ncelab: *W,MEMODR (../sim/top_tb.sv,43|67): $readmem default memory order incompatible with IEEE1364.
    $readmemh({prog_path, "/main1.hex"}, TOP.IM1.i_SRAM.Memory_byte1);
                                                                   |
ncelab: *W,MEMODR (../sim/top_tb.sv,44|67): $readmem default memory order incompatible with IEEE1364.
    $readmemh({prog_path, "/main1.hex"}, TOP.DM1.i_SRAM.Memory_byte1); 
                                                                   |
ncelab: *W,MEMODR (../sim/top_tb.sv,45|67): $readmem default memory order incompatible with IEEE1364.
    $readmemh({prog_path, "/main2.hex"}, TOP.IM1.i_SRAM.Memory_byte2);
                                                                   |
ncelab: *W,MEMODR (../sim/top_tb.sv,46|67): $readmem default memory order incompatible with IEEE1364.
    $readmemh({prog_path, "/main2.hex"}, TOP.DM1.i_SRAM.Memory_byte2); 
                                                                   |
ncelab: *W,MEMODR (../sim/top_tb.sv,47|67): $readmem default memory order incompatible with IEEE1364.
    $readmemh({prog_path, "/main3.hex"}, TOP.IM1.i_SRAM.Memory_byte3);
                                                                   |
ncelab: *W,MEMODR (../sim/top_tb.sv,48|67): $readmem default memory order incompatible with IEEE1364.
    $readmemh({prog_path, "/main3.hex"}, TOP.DM1.i_SRAM.Memory_byte3); 
                                                                   |
ncelab: *W,MEMODR (../sim/top_tb.sv,49|67): $readmem default memory order incompatible with IEEE1364.
	Building instance overlay tables: .................... Done
	Building instance specific data structures.
	Loading native compiled code:     .................... Done
	Design hierarchy summary:
		                     Instances  Unique
		Modules:                  7543     412
		UDPs:                     1705      11
		Primitives:              14921      14
		Timing outputs:           7817     293
		Registers:                1905     323
		Scalar wires:             9443       -
		Expanded wires:             64       2
		Named events:               47      42
		Always blocks:             113     104
		Initial blocks:              8       7
		Cont. assignments:          12      84
		Timing checks:           10174    1624
		Interconnect:            20337       -
		Delayed tcheck signals:   3200    1643
		Simulation timescale:      1ps
	Writing initial simulation snapshot: worklib.AN2B1P:lib
Loading snapshot worklib.AN2B1P:lib .................... Done
ncsim: *W,DSEM2009: This SystemVerilog design is simulated as per IEEE 1800-2009 SystemVerilog simulation semantics. Use -disable_sem2009 option for turning off SV 2009 simulation semantics.
*Verdi* Loading libsscore_ius152.so
ncsim> source /usr/cad/cadence/INCISIV/cur/tools/inca/files/ncsimrc
ncsim> run
FSDB Dumper for IUS, Release Verdi_N-2017.12, Linux x86_64/64bit, 11/12/2017
(C) 1996 - 2017 by Synopsys, Inc.
*Verdi* : Create FSDB file 'top.fsdb'
*Verdi* : Begin traversing the scope (top_tb.TOP), layer (0).
*Verdi* : Enable +struct and +mda dumping.
*Verdi* : End of traversing.
** MEM_Error: Unknown value occurred (             4500 ps) in Address of top_tb.TOP.DM1.i_SRAM.ErrorMessage
** MEM_Error: Unknown value occurred (             4500 ps) in Address of top_tb.TOP.IM1.i_SRAM.ErrorMessage

Done

DM[8192] = fffffff0, pass
DM[8193] = fffffff8, pass
DM[8194] = 00000008, pass
DM[8195] = 00000001, pass
DM[8196] = 00000001, pass
DM[8197] = 78787878, pass
DM[8198] = 000091a2, pass
DM[8199] = 00000003, pass
DM[8200] = fefcfefd, pass
DM[8201] = 10305070, pass
DM[8202] = cccccccc, pass
DM[8203] = ffffffcc, pass
DM[8204] = ffffcccc, pass
DM[8205] = 000000cc, pass
DM[8206] = 0000cccc, pass
DM[8207] = 00000d9d, pass
DM[8208] = 00000004, pass
DM[8209] = 00000003, pass
DM[8210] = 000001a6, pass
DM[8211] = 00000ec6, pass
DM[8212] = 2468b7a8, pass
DM[8213] = 5dbf9f00, pass
DM[8214] = 00012b38, pass
DM[8215] = fa2817b7, pass
DM[8216] = ff000000, pass
DM[8217] = 12345678, pass
DM[8218] = 0000f000, pass
DM[8219] = 00000f00, pass
DM[8220] = 000000f0, pass
DM[8221] = 0000000f, pass
DM[8222] = 56780000, pass
DM[8223] = 78000000, pass
DM[8224] = 00005678, pass
DM[8225] = 00000078, pass
DM[8226] = 12345678, pass
DM[8227] = ce780000, pass
DM[8228] = fffff000, pass
DM[8229] = fffff000, pass
DM[8230] = fffff000, pass
DM[8231] = fffff000, pass
DM[8232] = fffff000, pass
DM[8233] = fffff000, pass
DM[8234] = 1357a064, pass
DM[8235] = 13578000, pass
DM[8236] = fffff004, pass




        ****************************               
        **                        **       |__||  
        **  Congratulations !!    **      / O.O  | 
        **                        **    /_____   | 
        **  Simulation PASS!!     **   /^ ^ ^ \  |
        **                        **  |^ ^ ^ ^ |w| 
        ****************************   \m___m__|_|


Simulation complete via $finish(1) at time 65704500 PS + 1
../sim/top_tb.sv:76     $finish;
ncsim> exit
TOOL:	irun(64)	15.20-s039: Exiting on Oct 11, 2021 at 22:55:20 CST  (total: 00:00:15)
