ncsim(64) 15.20-s039
Linux 3.10.0-957.21.3.el7.x86_64 #1 SMP Tue Jun 18 16:35:19 UTC 2019 x86_64
CPU cores: 16
Limit information:
======================================
cputime			unlimited
filesize		unlimited
datasize		unlimited
stacksize		8192 kbytes
coredumpsize	0 kbytes
memoryuse		unlimited
vmemoryuse		unlimited
descriptors		4096
memorylocked	64 kbytes
maxproc			4096
======================================
(Special)Runtime environment variables:

Runtime environment variables:
REMOTEHOST=192.168.1.8
SYNOPSYS_LC_ROOT=/usr/cad/synopsys/lc/cur
MANPATH=/usr/cad/synopsys/synthesis/cur/doc/syn/man:/usr/cad/synopsys/coreconsultant/cur/doc/dware/man
XDG_SESSION_ID=13489
TMIARCH=RH_64
HOSTNAME=vlsicad9
SYNOPSYS_TMAX=/usr/cad/synopsys/tmax/cur
SELINUX_ROLE_REQUESTED=
HOST=vlsicad9
TERM=xterm
SHELL=/bin/tcsh
MAKEFLAGS=FSDB=2
VERIFIC_LICENSE_FILE=/usr/cad/HOY/BRAINS/cur/../../CIC/Verific.dat
SSH_CLIENT=192.168.1.8 47159 22
DESIGNWARE_HOME=/usr/cad/synopsys/dw_home/cur
SELINUX_USE_CURRENT_RANGE=
CDS_LOAD_ENV=CSF
HSP_GCC_VERSION=5.2.0
MGC_LOCATION_MAP=NO_MAP
SSH_TTY=/dev/pts/12
SG_HTML_BROWSER=/usr/bin/mozilla
GROUP=student
HSP_HOME=/usr/cad/synopsys/hspice/cur/hspice
FTC=/usr/cad/CBDK/CBDK018_UMC_Faraday_v1.0/CIC/Memory/ftclib_200901.2.1
USER=vsd2102
MAKEOVERRIDES=${-*-command-variables-*-}
LD_LIBRARY_PATH=/usr/lib:/usr/lib64:/lib:/lib64:/usr/local/systemc/cur/lib-linux64:/usr/local/systemc/systemc-2.3.1/lib-linux64::/usr/cad/cadence/CTOS/cur/tools.lnx86/lib:/usr/cad/cadence/MMSIM/cur/tools/lib:/usr/cad/cadence/IC/cur/tools/lib:/usr/cad/cadence/INCISIV/cur/tools/lib/64bit:/usr/cad/cadence/INCISIV/cur/tools/lib:/usr/cad/cadence/INCISIV/cur/tools/vtools/vfault/lib:/usr/cad/cadence/EDI/cur//tools/tlfUtil/lib:/usr/cad/cadence/INNOVUS/cur//tools/tlfUtil/lib:/usr/cad/synopsys/verdi/cur/share/PLI/IUS/LINUX64/:/usr/cad/synopsys/hspice/cur/hspice/linux64/interfaces
LS_COLORS=no=00:fi=00:di=00;34;01:ln=00;36:pi=40;33:so=00;35:bd=40;33;01:cd=40;33;01:or=01;05;37;41:mi=01;05;37;41:ex=00;32:*.cmd=00;32:*.exe=00;32:*.com=00;32:*.btm=00;32:*.bat=00;32:*.sh=00;32:*.csh=00;32:*.tar=00;31:*.tgz=00;31:*.arj=00;31:*.taz=00;31:*.lzh=00;31:*.zip=00;31:*.z=00;31:*.Z=00;31:*.gz=00;31:*.bz2=00;31:*.bz=00;31:*.tz=00;31:*.rpm=00;31:*.cpio=00;31:*.jpg=00;35:*.gif=00;35:*.bmp=00;35:*.xbm=00;35:*.xpm=00;35:*.png=00;35:*.tif=00;35:
HOSTTYPE=x86_64-linux
installdir=/usr/cad/synopsys/hspice/cur/hspice
ENCOUNTER=/usr/cad/cadence/EDI/cur/tools/fe
FSDB=2
MAKELEVEL=1
CMIARCH=RH_64
MFLAGS=
MAIL=/var/spool/mail/vsd2102
PATH=/usr/cad/cadence/INCISIV/cur/tools/bin/64bit:/usr/local/sbin:/usr/local/bin:/usr/sbin:/usr/bin:/sbin:/bin:/usr/cad/Sigasi/eclipse:/usr/cad/Sigasi/eclipse/cur:/usr/cad/CBDK/CBDK018_UMC_Faraday_v1.0/CIC/Memory/ftclib_200901.2.1/EXE:/opt/RISCV/bin:/usr/cad/HOY/BRAINS/cur/bin:/usr/cad/mentor/Tessent/cur/bin:/usr/cad/mentor/calibre/cur/bin:/usr/cad/cadence/JASPER/cur/bin:/usr/cad/cadence/JASPER/cur/bin:/usr/cad/cadence/JASPER/cur/bin:/usr/cad/cadence/JASPER/cur/bin:/usr/cad/cadence/JASPER/cur/bin:/usr/cad/cadence/JASPER/cur/bin:/usr/cad/cadence/JASPER/cur/bin:/usr/cad/cadence/CTOS/cur/tools.lnx86/bin:/usr/cad/cadence/MMSIM/cur/tools/dfII/bin:/usr/cad/cadence/MMSIM/cur/tools/bin:/usr/cad/cadence/IC/cur/tools/dfII/bin:/usr/cad/cadence/IC/cur/tools/dracula/bin:/usr/cad/cadence/IC/cur/tools/bin:/usr/cad/cadence/INCISIV/cur/tools/bin:/usr/cad/cadence/INCISIV/cur/tools/vtools/vfault/bin:/usr/cad/cadence/INCISIV/cur/tools/dfII/bin:/usr/cad/cadence/EDI/cur/tools/celtic/bin:/usr/cad/cadence/EDI/cur/tools/plato/bin:/usr/cad/cadence/EDI/cur/tools/dfII/bin:/usr/cad/cadence/EDI/cur/tools/fe/bin:/usr/cad/cadence/EDI/cur/tools/cdsdoc/bin:/usr/cad/cadence/EDI/cur/tools/bin:/usr/cad/cadence/EDI/cur//tools/tlfUtil/bin:/usr/cad/cadence/INNOVUS/cur/tools/celtic/bin:/usr/cad/cadence/INNOVUS/cur/tools/plato/bin:/usr/cad/cadence/INNOVUS/cur/tools/dfII/bin:/usr/cad/cadence/INNOVUS/cur/tools/bin:/usr/cad/cadence/INNOVUS/cur//tools/tlfUtil/bin:/usr/cad/synopsys/tmax/cur/bin:/usr/cad/synopsys/spyglass/cur/SPYGLASS_HOME/bin:/usr/bin/X11:/usr/cad/synopsys/coreconsultant/cur/bin:/usr/cad/synopsys/verdi/cur/bin:/usr/cad/synopsys/verdi/cur/nLint/bin:/usr/bin/X11:/usr/cad/synopsys/primetime/cur/amd64/syn/bin:/usr/bin/X11:/usr/cad/synopsys/primerail/cur/amd64/syn/bin:/usr/cad/synopsys/adp/cur/bin:/usr/cad/synopsys/laker/cur/bin:/usr/cad/synopsys/customexplorer/cur/bin:/usr/cad/synopsys/hspice/cur/hspice/bin:/usr/cad/synopsys/hspice/cur/hspice/GNU/linux64/gcc/bin:/usr/cad/synopsys/hspice/cur/hspice/linux64:/usr/bin:/usr/ucb/bin:/usr/bin/X11:/usr/cad/synopsys/coreConsultant/cur/bin:/usr/cad/synopsys/synthesis/cur/amd64/syn/bin:/usr/cad/synopsys/lc/cur/bin:/usr/cad/synopsys/lc/cur/bin:/usr/local/bin:/usr/bin:/usr/local/sbin:/usr/sbin:/usr/cad/synopsys/dw_home/cur/bin
HOY_LIC_FILE=4141@lscic
PWD=/home/user2/vsd21/vsd2102/VSD_hw/hw1/H24071037/build
XMODIFIERS=@im=none
EDITOR=/usr/bin/vim
LANG=en_US.utf8
Laker_TCL_ToolBox=1
SYNTHESIS=/usr/cad/synopsys/synthesis/cur
SELINUX_LEVEL_REQUESTED=
FTCLMD_LICENSE_FILE=99993@lscic
CDS_Netlisting_Mode=Analog
PRIMETIME=/usr/cad/synopsys/primetime/cur
LM_LICENSE_FILE=5280@vlsicad8:26000@lscic:1717@lsncku:5280@lstn:26585@lsncku:26585@lscic
PRIMERAIL=/usr/cad/synopsys/primerail/cur
HSP_GCC=/usr/cad/synopsys/hspice/cur/hspice/GNU/linux64/gcc/bin/gcc -m64 
SHLVL=2
HOME=/home/user2/vsd21/vsd2102
OSTYPE=linux
Laker_TCL_L3=1
MGC_HOME=/usr/cad/mentor/calibre/cur
CDS_AUTO_64BIT=ALL
SNPS_64=1
SNPS_PLATFORM=linux64
MGC_TMPDIR=/tmp
VENDOR=unknown
LOGNAME=vsd2102
MACHTYPE=x86_64
SSH_CONNECTION=192.168.1.8 47159 192.168.100.10 22
mraarch=linux_64
LESSOPEN=||/usr/bin/lesspipe.sh %s
SHLIB_PATH=/usr/cad/synopsys/verdi/cur/share/PLI/IUS/LINUX64
DISPLAY=localhost:17.0
XDG_RUNTIME_DIR=/run/user/1053
SYN_MAN_DIR=/usr/cad/synopsys/synthesis/cur/doc/syn/man
SOFT_MAN_DIR=/usr/cad/synopsys/coreconsultant/cur/doc/dware/man
_=/usr/cad/cadence/INCISIV/cur/tools/bin/irun
OLDPWD=/home/user2/vsd21/vsd2102/VSD_hw/hw1/H24071037
_IRUNROOT_=/usr/cad/cadence/INCISIV/cur/tools
CDS_ARCH=lnx86
NCRUNMODE=irun:./INCA_libs/irun.lnx8664.15.20.nc
IRUNBATCH=FALSE
IMPERAS_PORT_FILE=.vsp_ovp_gdb_port
TCL_LIBRARY=/usr/cad/cadence/INCISIV/cur/tools/inca/files/tcl/library
Runtime command line arguments:
argv[0]=irun
argv[1]=/home/user2/vsd21/vsd2102/VSD_hw/hw1/H24071037/./sim/top_tb.sv
argv[2]=-sdf_file
argv[3]=/home/user2/vsd21/vsd2102/VSD_hw/hw1/H24071037/./syn/top_syn.sdf
argv[4]=+incdir+/home/user2/vsd21/vsd2102/VSD_hw/hw1/H24071037/./syn+/home/user2/vsd21/vsd2102/VSD_hw/hw1/H24071037/./include+/home/user2/vsd21/vsd2102/VSD_hw/hw1/H24071037/./sim
argv[5]=+define+SYN+prog0+FSDB_ALL
argv[6]=-define
argv[7]=CYCLE=9.0
argv[8]=-define
argv[9]=MAX=100000
argv[10]=+access+r
argv[11]=+prog_path=/home/user2/vsd21/vsd2102/VSD_hw/hw1/H24071037/./sim/prog0
111 profile - 100
          CPU/Mem usage: 0.110 sys,  0.090 user,  230.44M sys,  0.00M vm
112 VC callback profile - scalar:0 vector:0
113 Mon Oct 11 22:55:09 2021
114 pliAppInit
115 FSDB_GATE is disabled.
116 Enable Parallel Dumping.
117 pliAppMiscSet: New Sim Round
118 pliEntryInit
119 LIBSSCORE=found /usr/cad/synopsys/verdi/cur/share/PLI/IUS/LINUX64/libsscore_ius152.so through $LD_LIBRARY_PATH setting.
120 argv[0]: top.fsdb
121 argv[0]: +struct
122 argv[1]: +mda
123 argv[2]: (handle)0x59c1978 top_tb.TOP
124 FSDB Dumper for IUS, Release Verdi_N-2017.12, Linux x86_64/64bit, 11/12/2017
125 (C) 1996 - 2017 by Synopsys, Inc.
126 sps_call_fsdbDumpfile at 0 : /home/user2/vsd21/vsd2102/VSD_hw/hw1/H24071037/sim/top_tb.sv(89)
127 argv[0]: top.fsdb
128 *Verdi* : Create FSDB file 'top.fsdb'
129 sps_call_fsdbDumpvars at 0 : /home/user2/vsd21/vsd2102/VSD_hw/hw1/H24071037/sim/top_tb.sv(90)
130 argv[0]: +struct
131 argv[1]: +mda
132 argv[2]: (handle)0x59c1958 top_tb.TOP
133 *Verdi* : Begin traversing the scope (top_tb.TOP), layer (0).
134 *Verdi* : Enable +struct and +mda dumping.
135 Cell instance `top_tb.TOP.IF.U94'.
136 *Verdi* : End of traversing.
137 fsdbDumpvars traverse var: profile - 
          CPU/Mem usage: 0.140 sys,  1.450 user,  364.38M sys,  0.00M vm
                   incr: 0.020 sys,  1.350 user,  42.40M sys,  0.00M vm
                   accu: 0.020 sys,  1.350 user,  42.40M sys,  0.00M vm
              accu incr: 0.020 sys,  1.350 user,  42.40M sys,  0.00M vm

          Count usage: 174431 var,  141822 idcode,  141830 callback
                 incr: 174431 var,  141822 idcode,  141830 callback
                 accu: 174431 var,  141822 idcode,  141830 callback
            accu incr: 174431 var,  141822 idcode,  141830 callback
138 VC callback profile - scalar:0 vector:0
139 Mon Oct 11 22:55:10 2021
140 fsdbDumpvars: profile - 
          CPU/Mem usage: 0.150 sys,  1.610 user,  373.80M sys,  0.00M vm
                   incr: 0.010 sys,  0.160 user,  9.42M sys,  0.00M vm
                   accu: 0.030 sys,  1.510 user,  51.82M sys,  0.00M vm
              accu incr: 0.010 sys,  0.160 user,  9.42M sys,  0.00M vm

          Count usage: 174431 var,  141822 idcode,  141830 callback
                 incr: 0 var,  0 idcode,  0 callback
                 accu: 174431 var,  141822 idcode,  141830 callback
            accu incr: 0 var,  0 idcode,  0 callback
141 VC callback profile - scalar:10664 vector:131158
142 Mon Oct 11 22:55:10 2021
143 End of simulation at 65704500
144 VC callback profile - scalar:16791775 vector:380319
145 Mon Oct 11 22:55:19 2021
146 Begin FSDB profile info:
147 FSDB Writer : bc1(16791775) bcn(380319) mtf/stf(0/1)
FSDB Writer elapsed time : flush(1.570186) io wait(0.000000) theadpool wait(0.000000) target functin(0.000000)
FSDB Writer cpu time : MT Compression : 0
148 End FSDB profile info
149 Parallel profile    -  Flush:3 Expand:0 ProduceWait:0 ConsumerWait:137 BlockUsed:162
150                        ProduceTime:11.324716630 ConsumerTime:3.610018244 Buffer:64MB
151 SimExit
152 Sim process exit
